[INFO] Init CcdApi with UserAgentID: o2-qc/o2-qc@112879 target/Linux_x86_64 init/1772789724167 id/aswathymenon@aswathymenon-Inspiron-14-5410-2-in-1 session/zyluhM8m , Host: http://alice-ccdb.cern.ch/, Curl timeouts: upload:20 download:5
2026-03-06 15:05:24.172610     BookkeepingSink is not being created because we couldn't find any suitable inputs.
[INFO] Initialising O2 Data Processing Layer. Driver PID: 112879.
[INFO] Driver listening on port: 30959
[INFO] Rate limiting set up at 2000 MB and 64 timeframes distributed over 1 readers
[INFO] O2 Data Processing Layer initialised. We brake for nobody.
[INFO] Optimised build. O2DEBUG / LOG(debug) / LOGF(debug) / assert statement will not be shown.
[INFO] Redeployment of configuration asked.
[INFO] Starting internal-dpl-clock on pid 112890
[INFO] Starting ctf-reader on pid 112891
[INFO] Starting internal-dpl-ccdb-backend on pid 112892
[INFO] Starting trd-entropy-decoder on pid 112893
[INFO] Starting qc-task-TRD-TrdTrySkelton on pid 112894
[INFO] Starting qc-check-TRD-TrackletsTFCheck on pid 112895
[INFO] Starting internal-dpl-injected-dummy-sink on pid 112896
[INFO] Redeployment of configuration done.
[112894:qc-task-TRD-TrdTrySkelton]: [INFO] Init CcdApi with UserAgentID: o2-qc/o2-qc@112894 target/Linux_x86_64 init/1772789725095 id/aswathymenon@aswathymenon-Inspiron-14-5410-2-in-1 session/Sdqcy6gm , Host: http://alice-ccdb.cern.ch/, Curl timeouts: upload:20 download:5
[112894:qc-task-TRD-TrdTrySkelton]: 2026-03-06 15:05:25.097382     BookkeepingSink is not being created because we couldn't find any suitable inputs.
[112895:qc-check-TRD-TrackletsTFCheck]: [INFO] Init CcdApi with UserAgentID: o2-qc/o2-qc@112895 target/Linux_x86_64 init/1772789725095 id/aswathymenon@aswathymenon-Inspiron-14-5410-2-in-1 session/U9tdKJji , Host: http://alice-ccdb.cern.ch/, Curl timeouts: upload:20 download:5
[112895:qc-check-TRD-TrackletsTFCheck]: 2026-03-06 15:05:25.097382     BookkeepingSink is not being created because we couldn't find any suitable inputs.
[112891:ctf-reader]: [INFO] Instrumenting crash signals
[112894:qc-task-TRD-TrdTrySkelton]: [INFO] Instrumenting crash signals
[112895:qc-check-TRD-TrackletsTFCheck]: [INFO] Instrumenting crash signals
[112891:ctf-reader]: [INFO] Spawning new device ctf-reader in process with pid 112891
[112894:qc-task-TRD-TrdTrySkelton]: [INFO] Spawning new device qc-task-TRD-TrdTrySkelton in process with pid 112894
[112895:qc-check-TRD-TrackletsTFCheck]: [INFO] Spawning new device qc-check-TRD-TrackletsTFCheck in process with pid 112895
[112894:qc-task-TRD-TrdTrySkelton]: [15:05:25][INFO] 
[112894:qc-task-TRD-TrdTrySkelton]:       ______      _    _______  _________ 
[112894:qc-task-TRD-TrdTrySkelton]:      / ____/___ _(_)_______   |/  /_  __ \    version 1.10.0
[112894:qc-task-TRD-TrdTrySkelton]:     / /_  / __ `/ / ___/__  /|_/ /_  / / /    build RELWITHDEBINFO
[112894:qc-task-TRD-TrdTrySkelton]:    / __/ / /_/ / / /    _  /  / / / /_/ /     https://github.com/FairRootGroup/FairMQ
[112894:qc-task-TRD-TrdTrySkelton]:   /_/    \__,_/_/_/     /_/  /_/  \___\_\     LGPL-3.0  © 2012-2025 GSI
[112894:qc-task-TRD-TrdTrySkelton]: 
[112891:ctf-reader]: [15:05:25][INFO] 
[112891:ctf-reader]:       ______      _    _______  _________ 
[112891:ctf-reader]:      / ____/___ _(_)_______   |/  /_  __ \    version 1.10.0
[112891:ctf-reader]:     / /_  / __ `/ / ___/__  /|_/ /_  / / /    build RELWITHDEBINFO
[112891:ctf-reader]:    / __/ / /_/ / / /    _  /  / / / /_/ /     https://github.com/FairRootGroup/FairMQ
[112891:ctf-reader]:   /_/    \__,_/_/_/     /_/  /_/  \___\_\     LGPL-3.0  © 2012-2025 GSI
[112891:ctf-reader]: 
[112894:qc-task-TRD-TrdTrySkelton]: [15:05:25][STATE] Starting FairMQ state machine --> IDLE
[112891:ctf-reader]: [15:05:25][STATE] Starting FairMQ state machine --> IDLE
[112895:qc-check-TRD-TrackletsTFCheck]: [15:05:25][INFO] 
[112895:qc-check-TRD-TrackletsTFCheck]:       ______      _    _______  _________ 
[112895:qc-check-TRD-TrackletsTFCheck]:      / ____/___ _(_)_______   |/  /_  __ \    version 1.10.0
[112895:qc-check-TRD-TrackletsTFCheck]:     / /_  / __ `/ / ___/__  /|_/ /_  / / /    build RELWITHDEBINFO
[112895:qc-check-TRD-TrackletsTFCheck]:    / __/ / /_/ / / /    _  /  / / / /_/ /     https://github.com/FairRootGroup/FairMQ
[112895:qc-check-TRD-TrackletsTFCheck]:   /_/    \__,_/_/_/     /_/  /_/  \___\_\     LGPL-3.0  © 2012-2025 GSI
[112895:qc-check-TRD-TrackletsTFCheck]: 
[112895:qc-check-TRD-TrackletsTFCheck]: [15:05:25][STATE] Starting FairMQ state machine --> IDLE
[112891:ctf-reader]: [15:05:25][STATE] IDLE ---> INITIALIZING DEVICE
[112894:qc-task-TRD-TrdTrySkelton]: [15:05:25][STATE] IDLE ---> INITIALIZING DEVICE
[112895:qc-check-TRD-TrackletsTFCheck]: [15:05:25][STATE] IDLE ---> INITIALIZING DEVICE
[112891:ctf-reader]: [15:05:25][INFO] Input contains 1 files, 0 remote
[112894:qc-task-TRD-TrdTrySkelton]: 2026-03-06 15:05:25.628862     QC infologger initialized : 0 ; 11
[112894:qc-task-TRD-TrdTrySkelton]: 2026-03-06 15:05:25.628902  !  [1;33mWarning - No URL provided for Bookkeeping. Nothing will be stored nor retrieved.[0m
[112895:qc-check-TRD-TrackletsTFCheck]: 2026-03-06 15:05:25.628862     QC infologger initialized : 0 ; 11
[112895:qc-check-TRD-TrackletsTFCheck]: 2026-03-06 15:05:25.628898  !  [1;33mWarning - No URL provided for Bookkeeping. Nothing will be stored nor retrieved.[0m
[112895:qc-check-TRD-TrackletsTFCheck]: 2026-03-06 15:05:25.628908     CCDB backend selected
[112895:qc-check-TRD-TrackletsTFCheck]: [15:05:25][INFO] Init CcdApi with UserAgentID: o2-qc/o2-qc@112895 target/Linux_x86_64 init/1772789725095 id/aswathymenon@aswathymenon-Inspiron-14-5410-2-in-1 session/T4OtS8D8 , Host: ccdb-test.cern.ch:8080, Curl timeouts: upload:20 download:5
[112891:ctf-reader]: [15:05:25][STATE] INITIALIZING DEVICE ---> INITIALIZED
[112891:ctf-reader]: [15:05:25][STATE] INITIALIZED ---> BINDING
[112891:ctf-reader]: [15:05:25][INFO] Finished file fetching: 1 of 1 files fetched successfully in 0 iterations
[112891:ctf-reader]: [15:05:25][STATE] BINDING ---> BOUND
[112891:ctf-reader]: [15:05:25][STATE] BOUND ---> CONNECTING
[112891:ctf-reader]: [15:05:25][STATE] CONNECTING ---> DEVICE READY
[112891:ctf-reader]: [15:05:25][STATE] DEVICE READY ---> INITIALIZING TASK
[112891:ctf-reader]: [15:05:25][STATE] INITIALIZING TASK ---> READY
[112891:ctf-reader]: [15:05:25][STATE] READY ---> RUNNING
[112891:ctf-reader]: [15:05:25][INFO] fair::mq::Device running...
[112891:ctf-reader]: [15:05:25][INFO] LHCPeriod is not available, using current month MAR
[112891:ctf-reader]: [15:05:25][INFO] Reading CTF input  /home/aswathymenon/cernbox/o2_ctf_run00560355_orbit0261755616_tf0002394204_epn165.root
[112892:internal-dpl-ccdb-backend]: [INFO] Instrumenting crash signals
[112892:internal-dpl-ccdb-backend]: [INFO] Spawning new device internal-dpl-ccdb-backend in process with pid 112892
[112892:internal-dpl-ccdb-backend]: [15:05:25][INFO] 
[112892:internal-dpl-ccdb-backend]:       ______      _    _______  _________ 
[112892:internal-dpl-ccdb-backend]:      / ____/___ _(_)_______   |/  /_  __ \    version 1.10.0
[112892:internal-dpl-ccdb-backend]:     / /_  / __ `/ / ___/__  /|_/ /_  / / /    build RELWITHDEBINFO
[112892:internal-dpl-ccdb-backend]:    / __/ / /_/ / / /    _  /  / / / /_/ /     https://github.com/FairRootGroup/FairMQ
[112892:internal-dpl-ccdb-backend]:   /_/    \__,_/_/_/     /_/  /_/  \___\_\     LGPL-3.0  © 2012-2025 GSI
[112892:internal-dpl-ccdb-backend]: 
[112892:internal-dpl-ccdb-backend]: [15:05:25][STATE] Starting FairMQ state machine --> IDLE
[112892:internal-dpl-ccdb-backend]: [15:05:25][STATE] IDLE ---> INITIALIZING DEVICE
[112892:internal-dpl-ccdb-backend]: [15:05:25][INFO] CCDB Backend at: http://alice-ccdb.cern.ch, validity check for every 2147483647 TF
[112892:internal-dpl-ccdb-backend]: [15:05:25][INFO] Hook to enable signposts for CCDB messages at 0x392ad028
[112892:internal-dpl-ccdb-backend]: [15:05:25][INFO] Init CcdApi with UserAgentID: o2-ctf-reader-w/o2-ctf-reader-workflow@112892 target/Linux_x86_64 init/1772789725681 id/aswathymenon@aswathymenon-Inspiron-14-5410-2-in-1 session/Gds00okU , Host: http://alice-ccdb.cern.ch, Curl timeouts: upload:20 download:5
[112892:internal-dpl-ccdb-backend]: [15:05:25][INFO] Initialised default CCDB host http://alice-ccdb.cern.ch
[112892:internal-dpl-ccdb-backend]: [15:05:25][INFO] The following route is a condition CTP/Trig_Offset/0
[112892:internal-dpl-ccdb-backend]: [15:05:25][INFO] - ccdb-path: CTP/Config/TriggerOffsets
[112892:internal-dpl-ccdb-backend]: [15:05:25][INFO] The following route is a condition TRD/CTFDICT/0
[112892:internal-dpl-ccdb-backend]: [15:05:25][INFO] - ccdb-path: TRD/Calib/CTFDictionaryTree
[112892:internal-dpl-ccdb-backend]: [15:05:25][STATE] INITIALIZING DEVICE ---> INITIALIZED
[112892:internal-dpl-ccdb-backend]: [15:05:25][STATE] INITIALIZED ---> BINDING
[112892:internal-dpl-ccdb-backend]: [15:05:25][STATE] BINDING ---> BOUND
[112892:internal-dpl-ccdb-backend]: [15:05:25][STATE] BOUND ---> CONNECTING
[112892:internal-dpl-ccdb-backend]: [15:05:25][STATE] CONNECTING ---> DEVICE READY
[112892:internal-dpl-ccdb-backend]: [15:05:25][STATE] DEVICE READY ---> INITIALIZING TASK
[112892:internal-dpl-ccdb-backend]: [15:05:25][STATE] INITIALIZING TASK ---> READY
[112892:internal-dpl-ccdb-backend]: [15:05:25][STATE] READY ---> RUNNING
[112892:internal-dpl-ccdb-backend]: [15:05:25][INFO] fair::mq::Device running...
[112892:internal-dpl-ccdb-backend]: [15:05:25][INFO] LHCPeriod is not available, using current month MAR
[112892:internal-dpl-ccdb-backend]: [15:05:25][INFO] Correctly handshaken websocket connection.
[112890:internal-dpl-clock]: [INFO] Instrumenting crash signals
[112893:trd-entropy-decoder]: [INFO] Instrumenting crash signals
[112890:internal-dpl-clock]: [INFO] Spawning new device internal-dpl-clock in process with pid 112890
[112890:internal-dpl-clock]: [15:05:25][INFO] 
[112890:internal-dpl-clock]:       ______      _    _______  _________ 
[112890:internal-dpl-clock]:      / ____/___ _(_)_______   |/  /_  __ \    version 1.10.0
[112890:internal-dpl-clock]:     / /_  / __ `/ / ___/__  /|_/ /_  / / /    build RELWITHDEBINFO
[112890:internal-dpl-clock]:    / __/ / /_/ / / /    _  /  / / / /_/ /     https://github.com/FairRootGroup/FairMQ
[112890:internal-dpl-clock]:   /_/    \__,_/_/_/     /_/  /_/  \___\_\     LGPL-3.0  © 2012-2025 GSI
[112890:internal-dpl-clock]: 
[112890:internal-dpl-clock]: [15:05:25][STATE] Starting FairMQ state machine --> IDLE
[112893:trd-entropy-decoder]: [INFO] Spawning new device trd-entropy-decoder in process with pid 112893
[112893:trd-entropy-decoder]: [15:05:25][INFO] 
[112893:trd-entropy-decoder]:       ______      _    _______  _________ 
[112893:trd-entropy-decoder]:      / ____/___ _(_)_______   |/  /_  __ \    version 1.10.0
[112893:trd-entropy-decoder]:     / /_  / __ `/ / ___/__  /|_/ /_  / / /    build RELWITHDEBINFO
[112893:trd-entropy-decoder]:    / __/ / /_/ / / /    _  /  / / / /_/ /     https://github.com/FairRootGroup/FairMQ
[112893:trd-entropy-decoder]:   /_/    \__,_/_/_/     /_/  /_/  \___\_\     LGPL-3.0  © 2012-2025 GSI
[112893:trd-entropy-decoder]: 
[112893:trd-entropy-decoder]: [15:05:25][STATE] Starting FairMQ state machine --> IDLE
[112890:internal-dpl-clock]: [15:05:25][STATE] IDLE ---> INITIALIZING DEVICE
[112893:trd-entropy-decoder]: [15:05:25][STATE] IDLE ---> INITIALIZING DEVICE
[112890:internal-dpl-clock]: [15:05:25][STATE] INITIALIZING DEVICE ---> INITIALIZED
[112890:internal-dpl-clock]: [15:05:25][STATE] INITIALIZED ---> BINDING
[112893:trd-entropy-decoder]: [15:05:25][INFO] Bogus triggers rejection flag: 10
[112890:internal-dpl-clock]: [15:05:25][STATE] BINDING ---> BOUND
[112893:trd-entropy-decoder]: [15:05:25][STATE] INITIALIZING DEVICE ---> INITIALIZED
[112890:internal-dpl-clock]: [15:05:25][STATE] BOUND ---> CONNECTING
[112890:internal-dpl-clock]: [15:05:25][STATE] CONNECTING ---> DEVICE READY
[112890:internal-dpl-clock]: [15:05:25][STATE] DEVICE READY ---> INITIALIZING TASK
[112890:internal-dpl-clock]: [15:05:25][STATE] INITIALIZING TASK ---> READY
[112890:internal-dpl-clock]: [15:05:25][STATE] READY ---> RUNNING
[112890:internal-dpl-clock]: [15:05:25][INFO] fair::mq::Device running...
[112890:internal-dpl-clock]: [15:05:25][INFO] LHCPeriod is not available, using current month MAR
[112893:trd-entropy-decoder]: [15:05:25][STATE] INITIALIZED ---> BINDING
[112893:trd-entropy-decoder]: [15:05:25][STATE] BINDING ---> BOUND
[112893:trd-entropy-decoder]: [15:05:25][STATE] BOUND ---> CONNECTING
[112890:internal-dpl-clock]: [15:05:25][INFO] Correctly handshaken websocket connection.
[112893:trd-entropy-decoder]: [15:05:25][STATE] CONNECTING ---> DEVICE READY
[112893:trd-entropy-decoder]: [15:05:25][STATE] DEVICE READY ---> INITIALIZING TASK
[112893:trd-entropy-decoder]: [15:05:25][STATE] INITIALIZING TASK ---> READY
[112893:trd-entropy-decoder]: [15:05:25][STATE] READY ---> RUNNING
[112893:trd-entropy-decoder]: [15:05:25][INFO] fair::mq::Device running...
[112893:trd-entropy-decoder]: [15:05:25][INFO] LHCPeriod is not available, using current month MAR
[112893:trd-entropy-decoder]: [15:05:25][INFO] Correctly handshaken websocket connection.
[112896:internal-dpl-injected-dummy-sink]: [INFO] Instrumenting crash signals
[112896:internal-dpl-injected-dummy-sink]: [INFO] Spawning new device internal-dpl-injected-dummy-sink in process with pid 112896
[112896:internal-dpl-injected-dummy-sink]: [15:05:25][INFO] 
[112896:internal-dpl-injected-dummy-sink]:       ______      _    _______  _________ 
[112896:internal-dpl-injected-dummy-sink]:      / ____/___ _(_)_______   |/  /_  __ \    version 1.10.0
[112896:internal-dpl-injected-dummy-sink]:     / /_  / __ `/ / ___/__  /|_/ /_  / / /    build RELWITHDEBINFO
[112896:internal-dpl-injected-dummy-sink]:    / __/ / /_/ / / /    _  /  / / / /_/ /     https://github.com/FairRootGroup/FairMQ
[112896:internal-dpl-injected-dummy-sink]:   /_/    \__,_/_/_/     /_/  /_/  \___\_\     LGPL-3.0  © 2012-2025 GSI
[112896:internal-dpl-injected-dummy-sink]: 
[112896:internal-dpl-injected-dummy-sink]: [15:05:25][STATE] Starting FairMQ state machine --> IDLE
[112896:internal-dpl-injected-dummy-sink]: [15:05:25][STATE] IDLE ---> INITIALIZING DEVICE
[112896:internal-dpl-injected-dummy-sink]: [15:05:25][STATE] INITIALIZING DEVICE ---> INITIALIZED
[112896:internal-dpl-injected-dummy-sink]: [15:05:25][STATE] INITIALIZED ---> BINDING
[112896:internal-dpl-injected-dummy-sink]: [15:05:25][STATE] BINDING ---> BOUND
[112896:internal-dpl-injected-dummy-sink]: [15:05:25][STATE] BOUND ---> CONNECTING
[112896:internal-dpl-injected-dummy-sink]: [15:05:25][STATE] CONNECTING ---> DEVICE READY
[112896:internal-dpl-injected-dummy-sink]: [15:05:25][STATE] DEVICE READY ---> INITIALIZING TASK
[112896:internal-dpl-injected-dummy-sink]: [15:05:25][STATE] INITIALIZING TASK ---> READY
[112896:internal-dpl-injected-dummy-sink]: [15:05:25][STATE] READY ---> RUNNING
[112896:internal-dpl-injected-dummy-sink]: [15:05:25][INFO] fair::mq::Device running...
[112896:internal-dpl-injected-dummy-sink]: [15:05:25][INFO] LHCPeriod is not available, using current month MAR
[112896:internal-dpl-injected-dummy-sink]: [15:05:25][INFO] Correctly handshaken websocket connection.
[112895:qc-check-TRD-TrackletsTFCheck]: 2026-03-06 15:05:26.504046     CCDB backend selected
[112895:qc-check-TRD-TrackletsTFCheck]: [15:05:26][INFO] Init CcdApi with UserAgentID: o2-qc/o2-qc@112895 target/Linux_x86_64 init/1772789725095 id/aswathymenon@aswathymenon-Inspiron-14-5410-2-in-1 session/TOy9Gdwc , Host: ccdb-test.cern.ch:8080, Curl timeouts: upload:20 download:5
[112895:qc-check-TRD-TrackletsTFCheck]: 2026-03-06 15:05:26.504322     TrackletsTFCheck configured with TFMeanLow=10000 TFMeanHigh=50000
[112895:qc-check-TRD-TrackletsTFCheck]: [15:05:26][INFO] Init CcdApi with UserAgentID: o2-qc/o2-qc@112895 target/Linux_x86_64 init/1772789725095 id/aswathymenon@aswathymenon-Inspiron-14-5410-2-in-1 session/U9tdKJji , Host: http://alice-ccdb.cern.ch, Curl timeouts: upload:20 download:5
[112895:qc-check-TRD-TrackletsTFCheck]: [15:05:26][STATE] INITIALIZING DEVICE ---> INITIALIZED
[112895:qc-check-TRD-TrackletsTFCheck]: [15:05:26][STATE] INITIALIZED ---> BINDING
[112895:qc-check-TRD-TrackletsTFCheck]: [15:05:26][STATE] BINDING ---> BOUND
[112895:qc-check-TRD-TrackletsTFCheck]: [15:05:26][STATE] BOUND ---> CONNECTING
[112895:qc-check-TRD-TrackletsTFCheck]: [15:05:26][STATE] CONNECTING ---> DEVICE READY
[112895:qc-check-TRD-TrackletsTFCheck]: [15:05:26][STATE] DEVICE READY ---> INITIALIZING TASK
[112895:qc-check-TRD-TrackletsTFCheck]: [15:05:26][STATE] INITIALIZING TASK ---> READY
[112895:qc-check-TRD-TrackletsTFCheck]: [15:05:26][STATE] READY ---> RUNNING
[112895:qc-check-TRD-TrackletsTFCheck]: [15:05:26][INFO] fair::mq::Device running...
[112895:qc-check-TRD-TrackletsTFCheck]: [15:05:26][INFO] LHCPeriod is not available, using current month MAR
[112895:qc-check-TRD-TrackletsTFCheck]: 2026-03-06 15:05:26.506667     Starting run 0:
[112895:qc-check-TRD-TrackletsTFCheck]: [15:05:26][INFO] Correctly handshaken websocket connection.
[112894:qc-task-TRD-TrdTrySkelton]: [15:05:26][INFO] Init CcdApi with UserAgentID: o2-qc/o2-qc@112894 target/Linux_x86_64 init/1772789725095 id/aswathymenon@aswathymenon-Inspiron-14-5410-2-in-1 session/Sdqcy6gm , Host: http://alice-ccdb.cern.ch, Curl timeouts: upload:20 download:5
[112894:qc-task-TRD-TrdTrySkelton]: 2026-03-06 15:05:26.535205     CCDB backend selected
[112894:qc-task-TRD-TrdTrySkelton]: [15:05:26][INFO] Init CcdApi with UserAgentID: o2-qc/o2-qc@112894 target/Linux_x86_64 init/1772789725095 id/aswathymenon@aswathymenon-Inspiron-14-5410-2-in-1 session/BeFuu53J , Host: ccdb-test.cern.ch:8080, Curl timeouts: upload:20 download:5
[112894:qc-task-TRD-TrdTrySkelton]: 2026-03-06 15:05:26.535394     A debug targeted for support
[112894:qc-task-TRD-TrdTrySkelton]: 2026-03-06 15:05:26.535398     An Info log targeted for operators
[112894:qc-task-TRD-TrdTrySkelton]: 2026-03-06 15:05:26.535401     Initializing TRD skelton histograms
[112894:qc-task-TRD-TrdTrySkelton]: [15:05:26][STATE] INITIALIZING DEVICE ---> INITIALIZED
[112894:qc-task-TRD-TrdTrySkelton]: [15:05:26][STATE] INITIALIZED ---> BINDING
[112894:qc-task-TRD-TrdTrySkelton]: [15:05:26][STATE] BINDING ---> BOUND
[112894:qc-task-TRD-TrdTrySkelton]: [15:05:26][STATE] BOUND ---> CONNECTING
[112894:qc-task-TRD-TrdTrySkelton]: [15:05:26][STATE] CONNECTING ---> DEVICE READY
[112894:qc-task-TRD-TrdTrySkelton]: [15:05:26][STATE] DEVICE READY ---> INITIALIZING TASK
[112894:qc-task-TRD-TrdTrySkelton]: [15:05:26][STATE] INITIALIZING TASK ---> READY
[112894:qc-task-TRD-TrdTrySkelton]: [15:05:26][STATE] READY ---> RUNNING
[112894:qc-task-TRD-TrdTrySkelton]: [15:05:26][INFO] fair::mq::Device running...
[112894:qc-task-TRD-TrdTrySkelton]: [15:05:26][INFO] LHCPeriod is not available, using current month MAR
[112894:qc-task-TRD-TrdTrySkelton]: 2026-03-06 15:05:26.540799     Starting run 0
[112894:qc-task-TRD-TrdTrySkelton]: 2026-03-06 15:05:26.541028     Start cycle 0
[112894:qc-task-TRD-TrdTrySkelton]: [15:05:26][INFO] Correctly handshaken websocket connection.
[112891:ctf-reader]: [15:05:27][INFO] Run:0560355 TF:2394204 Orbit:261755616 CreationTime:1732265281044 Detectors: ITS,TPC,TRD,TOF,PHS,CPV,EMC,HMP,MFT,MCH,MID,ZDC,FT0,FV0,FDD,CTP
[112891:ctf-reader]: [15:05:28][INFO] Read CTF 0 (0 of 62 in /home/aswathymenon/cernbox/o2_ctf_run00560355_orbit0261755616_tf0002394204_epn165.root) in 0.990 s, 0.0000 s elapsed from previous CTF
[112891:ctf-reader]: [15:05:28][INFO] Correctly handshaken websocket connection.
[112891:ctf-reader]: [15:05:28][INFO] Run:0560355 TF:2394856 Orbit:261776480 CreationTime:1732265282896 Detectors: ITS,TPC,TRD,TOF,PHS,CPV,EMC,HMP,MFT,MCH,MID,ZDC,FT0,FV0,FDD,CTP
[112891:ctf-reader]: [15:05:28][INFO] Read CTF 1 (1 of 62 in /home/aswathymenon/cernbox/o2_ctf_run00560355_orbit0261755616_tf0002394204_epn165.root) in 0.000 s, 0.0043 s elapsed from previous CTF
[112891:ctf-reader]: [15:05:28][INFO] Run:0560355 TF:2395508 Orbit:261797344 CreationTime:1732265284753 Detectors: ITS,TPC,TRD,TOF,PHS,CPV,EMC,HMP,MFT,MCH,MID,ZDC,FT0,FV0,FDD,CTP
[112891:ctf-reader]: [15:05:28][INFO] Read CTF 2 (2 of 62 in /home/aswathymenon/cernbox/o2_ctf_run00560355_orbit0261755616_tf0002394204_epn165.root) in 0.000 s, 0.0025 s elapsed from previous CTF
[112891:ctf-reader]: [15:05:28][INFO] Run:0560355 TF:2396160 Orbit:261818208 CreationTime:1732265286610 Detectors: ITS,TPC,TRD,TOF,PHS,CPV,EMC,HMP,MFT,MCH,MID,ZDC,FT0,FV0,FDD,CTP
[112891:ctf-reader]: [15:05:28][INFO] Read CTF 3 (3 of 62 in /home/aswathymenon/cernbox/o2_ctf_run00560355_orbit0261755616_tf0002394204_epn165.root) in 0.000 s, 0.0029 s elapsed from previous CTF
[112891:ctf-reader]: [15:05:28][INFO] Run:0560355 TF:2396812 Orbit:261839072 CreationTime:1732265288465 Detectors: ITS,TPC,TRD,TOF,PHS,CPV,EMC,HMP,MFT,MCH,MID,ZDC,FT0,FV0,FDD,CTP
[112891:ctf-reader]: [15:05:28][INFO] Read CTF 4 (4 of 62 in /home/aswathymenon/cernbox/o2_ctf_run00560355_orbit0261755616_tf0002394204_epn165.root) in 0.000 s, 0.0050 s elapsed from previous CTF
[112891:ctf-reader]: [15:05:28][INFO] Run:0560355 TF:2397464 Orbit:261859936 CreationTime:1732265290319 Detectors: ITS,TPC,TRD,TOF,PHS,CPV,EMC,HMP,MFT,MCH,MID,ZDC,FT0,FV0,FDD,CTP
[112891:ctf-reader]: [15:05:28][INFO] Read CTF 5 (5 of 62 in /home/aswathymenon/cernbox/o2_ctf_run00560355_orbit0261755616_tf0002394204_epn165.root) in 0.000 s, 0.0051 s elapsed from previous CTF
[112891:ctf-reader]: [15:05:28][INFO] Run:0560355 TF:2398116 Orbit:261880800 CreationTime:1732265292175 Detectors: ITS,TPC,TRD,TOF,PHS,CPV,EMC,HMP,MFT,MCH,MID,ZDC,FT0,FV0,FDD,CTP
[112891:ctf-reader]: [15:05:28][INFO] Read CTF 6 (6 of 62 in /home/aswathymenon/cernbox/o2_ctf_run00560355_orbit0261755616_tf0002394204_epn165.root) in 0.000 s, 0.0033 s elapsed from previous CTF
[112891:ctf-reader]: [15:05:28][INFO] Run:0560355 TF:2398768 Orbit:261901664 CreationTime:1732265294030 Detectors: ITS,TPC,TRD,TOF,PHS,CPV,EMC,HMP,MFT,MCH,MID,ZDC,FT0,FV0,FDD,CTP
[112891:ctf-reader]: [15:05:28][INFO] Read CTF 7 (7 of 62 in /home/aswathymenon/cernbox/o2_ctf_run00560355_orbit0261755616_tf0002394204_epn165.root) in 0.010 s, 0.0085 s elapsed from previous CTF
[112891:ctf-reader]: [15:05:28][INFO] Run:0560355 TF:2399420 Orbit:261922528 CreationTime:1732265295884 Detectors: ITS,TPC,TRD,TOF,PHS,CPV,EMC,HMP,MFT,MCH,MID,ZDC,FT0,FV0,FDD,CTP
[112891:ctf-reader]: [15:05:28][INFO] Read CTF 8 (8 of 62 in /home/aswathymenon/cernbox/o2_ctf_run00560355_orbit0261755616_tf0002394204_epn165.root) in 0.000 s, 0.0037 s elapsed from previous CTF
[112891:ctf-reader]: [15:05:28][INFO] Run:0560355 TF:2400072 Orbit:261943392 CreationTime:1732265297740 Detectors: ITS,TPC,TRD,TOF,PHS,CPV,EMC,HMP,MFT,MCH,MID,ZDC,FT0,FV0,FDD,CTP
[112891:ctf-reader]: [15:05:28][INFO] Read CTF 9 (9 of 62 in /home/aswathymenon/cernbox/o2_ctf_run00560355_orbit0261755616_tf0002394204_epn165.root) in 0.000 s, 0.0027 s elapsed from previous CTF
[112891:ctf-reader]: [15:05:28][INFO] Run:0560355 TF:2400724 Orbit:261964256 CreationTime:1732265299597 Detectors: ITS,TPC,TRD,TOF,PHS,CPV,EMC,HMP,MFT,MCH,MID,ZDC,FT0,FV0,FDD,CTP
[112891:ctf-reader]: [15:05:28][INFO] Read CTF 10 (10 of 62 in /home/aswathymenon/cernbox/o2_ctf_run00560355_orbit0261755616_tf0002394204_epn165.root) in 0.000 s, 0.0025 s elapsed from previous CTF
[112891:ctf-reader]: [15:05:28][INFO] Run:0560355 TF:2401376 Orbit:261985120 CreationTime:1732265301451 Detectors: ITS,TPC,TRD,TOF,PHS,CPV,EMC,HMP,MFT,MCH,MID,ZDC,FT0,FV0,FDD,CTP
[112891:ctf-reader]: [15:05:28][INFO] Read CTF 11 (11 of 62 in /home/aswathymenon/cernbox/o2_ctf_run00560355_orbit0261755616_tf0002394204_epn165.root) in 0.000 s, 0.0038 s elapsed from previous CTF
[112891:ctf-reader]: [15:05:28][INFO] Run:0560355 TF:2402028 Orbit:262005984 CreationTime:1732265303307 Detectors: ITS,TPC,TRD,TOF,PHS,CPV,EMC,HMP,MFT,MCH,MID,ZDC,FT0,FV0,FDD,CTP
[112891:ctf-reader]: [15:05:28][INFO] Read CTF 12 (12 of 62 in /home/aswathymenon/cernbox/o2_ctf_run00560355_orbit0261755616_tf0002394204_epn165.root) in 0.010 s, 0.0059 s elapsed from previous CTF
[112891:ctf-reader]: [15:05:28][INFO] Run:0560355 TF:2402680 Orbit:262026848 CreationTime:1732265305164 Detectors: ITS,TPC,TRD,TOF,PHS,CPV,EMC,HMP,MFT,MCH,MID,ZDC,FT0,FV0,FDD,CTP
[112891:ctf-reader]: [15:05:28][INFO] Read CTF 13 (13 of 62 in /home/aswathymenon/cernbox/o2_ctf_run00560355_orbit0261755616_tf0002394204_epn165.root) in 0.000 s, 0.0047 s elapsed from previous CTF
[112891:ctf-reader]: [15:05:28][INFO] Run:0560355 TF:2403332 Orbit:262047712 CreationTime:1732265307016 Detectors: ITS,TPC,TRD,TOF,PHS,CPV,EMC,HMP,MFT,MCH,MID,ZDC,FT0,FV0,FDD,CTP
[112891:ctf-reader]: [15:05:28][INFO] Read CTF 14 (14 of 62 in /home/aswathymenon/cernbox/o2_ctf_run00560355_orbit0261755616_tf0002394204_epn165.root) in 0.010 s, 0.0109 s elapsed from previous CTF
[112891:ctf-reader]: [15:05:28][INFO] Run:0560355 TF:2403984 Orbit:262068576 CreationTime:1732265308871 Detectors: ITS,TPC,TRD,TOF,PHS,CPV,EMC,HMP,MFT,MCH,MID,ZDC,FT0,FV0,FDD,CTP
[112891:ctf-reader]: [15:05:28][INFO] Read CTF 15 (15 of 62 in /home/aswathymenon/cernbox/o2_ctf_run00560355_orbit0261755616_tf0002394204_epn165.root) in 0.000 s, 0.0057 s elapsed from previous CTF
[112891:ctf-reader]: [15:05:28][INFO] Run:0560355 TF:2404636 Orbit:262089440 CreationTime:1732265310729 Detectors: ITS,TPC,TRD,TOF,PHS,CPV,EMC,HMP,MFT,MCH,MID,ZDC,FT0,FV0,FDD,CTP
[112891:ctf-reader]: [15:05:28][INFO] Read CTF 16 (16 of 62 in /home/aswathymenon/cernbox/o2_ctf_run00560355_orbit0261755616_tf0002394204_epn165.root) in 0.000 s, 0.0031 s elapsed from previous CTF
[112891:ctf-reader]: [15:05:28][INFO] Run:0560355 TF:2405288 Orbit:262110304 CreationTime:1732265312583 Detectors: ITS,TPC,TRD,TOF,PHS,CPV,EMC,HMP,MFT,MCH,MID,ZDC,FT0,FV0,FDD,CTP
[112891:ctf-reader]: [15:05:28][INFO] Read CTF 17 (17 of 62 in /home/aswathymenon/cernbox/o2_ctf_run00560355_orbit0261755616_tf0002394204_epn165.root) in 0.010 s, 0.0094 s elapsed from previous CTF
[112891:ctf-reader]: [15:05:28][INFO] Run:0560355 TF:2405940 Orbit:262131168 CreationTime:1732265314438 Detectors: ITS,TPC,TRD,TOF,PHS,CPV,EMC,HMP,MFT,MCH,MID,ZDC,FT0,FV0,FDD,CTP
[112891:ctf-reader]: [15:05:28][INFO] Read CTF 18 (18 of 62 in /home/aswathymenon/cernbox/o2_ctf_run00560355_orbit0261755616_tf0002394204_epn165.root) in 0.000 s, 0.0045 s elapsed from previous CTF
[112891:ctf-reader]: [15:05:28][INFO] Run:0560355 TF:2406592 Orbit:262152032 CreationTime:1732265316295 Detectors: ITS,TPC,TRD,TOF,PHS,CPV,EMC,HMP,MFT,MCH,MID,ZDC,FT0,FV0,FDD,CTP
[112891:ctf-reader]: [15:05:28][INFO] Read CTF 19 (19 of 62 in /home/aswathymenon/cernbox/o2_ctf_run00560355_orbit0261755616_tf0002394204_epn165.root) in 0.000 s, 0.0034 s elapsed from previous CTF
[112891:ctf-reader]: [15:05:28][INFO] Run:0560355 TF:2407244 Orbit:262172896 CreationTime:1732265318149 Detectors: ITS,TPC,TRD,TOF,PHS,CPV,EMC,HMP,MFT,MCH,MID,ZDC,FT0,FV0,FDD,CTP
[112891:ctf-reader]: [15:05:28][INFO] Read CTF 20 (20 of 62 in /home/aswathymenon/cernbox/o2_ctf_run00560355_orbit0261755616_tf0002394204_epn165.root) in 0.000 s, 0.0039 s elapsed from previous CTF
[112891:ctf-reader]: [15:05:28][INFO] Run:0560355 TF:2407896 Orbit:262193760 CreationTime:1732265320004 Detectors: ITS,TPC,TRD,TOF,PHS,CPV,EMC,HMP,MFT,MCH,MID,ZDC,FT0,FV0,FDD,CTP
[112891:ctf-reader]: [15:05:28][INFO] Read CTF 21 (21 of 62 in /home/aswathymenon/cernbox/o2_ctf_run00560355_orbit0261755616_tf0002394204_epn165.root) in 0.010 s, 0.0043 s elapsed from previous CTF
[112891:ctf-reader]: [15:05:28][INFO] Run:0560355 TF:2408548 Orbit:262214624 CreationTime:1732265321860 Detectors: ITS,TPC,TRD,TOF,PHS,CPV,EMC,HMP,MFT,MCH,MID,ZDC,FT0,FV0,FDD,CTP
[112891:ctf-reader]: [15:05:28][INFO] Read CTF 22 (22 of 62 in /home/aswathymenon/cernbox/o2_ctf_run00560355_orbit0261755616_tf0002394204_epn165.root) in 0.000 s, 0.0023 s elapsed from previous CTF
[112891:ctf-reader]: [15:05:28][INFO] Run:0560355 TF:2409200 Orbit:262235488 CreationTime:1732265323715 Detectors: ITS,TPC,TRD,TOF,PHS,CPV,EMC,HMP,MFT,MCH,MID,ZDC,FT0,FV0,FDD,CTP
[112891:ctf-reader]: [15:05:28][INFO] Read CTF 23 (23 of 62 in /home/aswathymenon/cernbox/o2_ctf_run00560355_orbit0261755616_tf0002394204_epn165.root) in 0.000 s, 0.0026 s elapsed from previous CTF
[112891:ctf-reader]: [15:05:28][INFO] Run:0560355 TF:2409852 Orbit:262256352 CreationTime:1732265325571 Detectors: ITS,TPC,TRD,TOF,PHS,CPV,EMC,HMP,MFT,MCH,MID,ZDC,FT0,FV0,FDD,CTP
[112891:ctf-reader]: [15:05:28][INFO] Read CTF 24 (24 of 62 in /home/aswathymenon/cernbox/o2_ctf_run00560355_orbit0261755616_tf0002394204_epn165.root) in 0.000 s, 0.0027 s elapsed from previous CTF
[112891:ctf-reader]: [15:05:28][INFO] Run:0560355 TF:2410504 Orbit:262277216 CreationTime:1732265327426 Detectors: ITS,TPC,TRD,TOF,PHS,CPV,EMC,HMP,MFT,MCH,MID,ZDC,FT0,FV0,FDD,CTP
[112891:ctf-reader]: [15:05:28][INFO] Read CTF 25 (25 of 62 in /home/aswathymenon/cernbox/o2_ctf_run00560355_orbit0261755616_tf0002394204_epn165.root) in 0.000 s, 0.0029 s elapsed from previous CTF
[112891:ctf-reader]: [15:05:28][INFO] Run:0560355 TF:2411156 Orbit:262298080 CreationTime:1732265329280 Detectors: ITS,TPC,TRD,TOF,PHS,CPV,EMC,HMP,MFT,MCH,MID,ZDC,FT0,FV0,FDD,CTP
[112891:ctf-reader]: [15:05:28][INFO] Read CTF 26 (26 of 62 in /home/aswathymenon/cernbox/o2_ctf_run00560355_orbit0261755616_tf0002394204_epn165.root) in 0.000 s, 0.0041 s elapsed from previous CTF
[112891:ctf-reader]: [15:05:28][INFO] Run:0560355 TF:2411808 Orbit:262318944 CreationTime:1732265331135 Detectors: ITS,TPC,TRD,TOF,PHS,CPV,EMC,HMP,MFT,MCH,MID,ZDC,FT0,FV0,FDD,CTP
[112891:ctf-reader]: [15:05:28][INFO] Read CTF 27 (27 of 62 in /home/aswathymenon/cernbox/o2_ctf_run00560355_orbit0261755616_tf0002394204_epn165.root) in 0.010 s, 0.0077 s elapsed from previous CTF
[112891:ctf-reader]: [15:05:28][INFO] Run:0560355 TF:2412460 Orbit:262339808 CreationTime:1732265332992 Detectors: ITS,TPC,TRD,TOF,PHS,CPV,EMC,HMP,MFT,MCH,MID,ZDC,FT0,FV0,FDD,CTP
[112891:ctf-reader]: [15:05:28][INFO] Read CTF 28 (28 of 62 in /home/aswathymenon/cernbox/o2_ctf_run00560355_orbit0261755616_tf0002394204_epn165.root) in 0.000 s, 0.0081 s elapsed from previous CTF
[112891:ctf-reader]: [15:05:28][INFO] Run:0560355 TF:2413112 Orbit:262360672 CreationTime:1732265334847 Detectors: ITS,TPC,TRD,TOF,PHS,CPV,EMC,HMP,MFT,MCH,MID,ZDC,FT0,FV0,FDD,CTP
[112891:ctf-reader]: [15:05:28][INFO] Read CTF 29 (29 of 62 in /home/aswathymenon/cernbox/o2_ctf_run00560355_orbit0261755616_tf0002394204_epn165.root) in 0.000 s, 0.0047 s elapsed from previous CTF
[112891:ctf-reader]: [15:05:28][INFO] Run:0560355 TF:2413764 Orbit:262381536 CreationTime:1732265336702 Detectors: ITS,TPC,TRD,TOF,PHS,CPV,EMC,HMP,MFT,MCH,MID,ZDC,FT0,FV0,FDD,CTP
[112891:ctf-reader]: [15:05:28][INFO] Read CTF 30 (30 of 62 in /home/aswathymenon/cernbox/o2_ctf_run00560355_orbit0261755616_tf0002394204_epn165.root) in 0.000 s, 0.0025 s elapsed from previous CTF
[112891:ctf-reader]: [15:05:28][INFO] Run:0560355 TF:2414416 Orbit:262402400 CreationTime:1732265338558 Detectors: ITS,TPC,TRD,TOF,PHS,CPV,EMC,HMP,MFT,MCH,MID,ZDC,FT0,FV0,FDD,CTP
[112891:ctf-reader]: [15:05:28][INFO] Read CTF 31 (31 of 62 in /home/aswathymenon/cernbox/o2_ctf_run00560355_orbit0261755616_tf0002394204_epn165.root) in 0.000 s, 0.0031 s elapsed from previous CTF
[112891:ctf-reader]: [15:05:28][INFO] Run:0560355 TF:2415068 Orbit:262423264 CreationTime:1732265340414 Detectors: ITS,TPC,TRD,TOF,PHS,CPV,EMC,HMP,MFT,MCH,MID,ZDC,FT0,FV0,FDD,CTP
[112891:ctf-reader]: [15:05:28][INFO] Read CTF 32 (32 of 62 in /home/aswathymenon/cernbox/o2_ctf_run00560355_orbit0261755616_tf0002394204_epn165.root) in 0.000 s, 0.0029 s elapsed from previous CTF
[112891:ctf-reader]: [15:05:28][INFO] Run:0560355 TF:2415720 Orbit:262444128 CreationTime:1732265342269 Detectors: ITS,TPC,TRD,TOF,PHS,CPV,EMC,HMP,MFT,MCH,MID,ZDC,FT0,FV0,FDD,CTP
[112891:ctf-reader]: [15:05:28][INFO] Read CTF 33 (33 of 62 in /home/aswathymenon/cernbox/o2_ctf_run00560355_orbit0261755616_tf0002394204_epn165.root) in 0.000 s, 0.0027 s elapsed from previous CTF
[112891:ctf-reader]: [15:05:28][INFO] Run:0560355 TF:2416372 Orbit:262464992 CreationTime:1732265344125 Detectors: ITS,TPC,TRD,TOF,PHS,CPV,EMC,HMP,MFT,MCH,MID,ZDC,FT0,FV0,FDD,CTP
[112891:ctf-reader]: [15:05:28][INFO] Read CTF 34 (34 of 62 in /home/aswathymenon/cernbox/o2_ctf_run00560355_orbit0261755616_tf0002394204_epn165.root) in 0.000 s, 0.0036 s elapsed from previous CTF
[112891:ctf-reader]: [15:05:28][INFO] Run:0560355 TF:2417024 Orbit:262485856 CreationTime:1732265345979 Detectors: ITS,TPC,TRD,TOF,PHS,CPV,EMC,HMP,MFT,MCH,MID,ZDC,FT0,FV0,FDD,CTP
[112891:ctf-reader]: [15:05:28][INFO] Read CTF 35 (35 of 62 in /home/aswathymenon/cernbox/o2_ctf_run00560355_orbit0261755616_tf0002394204_epn165.root) in 0.010 s, 0.0030 s elapsed from previous CTF
[112891:ctf-reader]: [15:05:28][INFO] Run:0560355 TF:2417676 Orbit:262506720 CreationTime:1732265347834 Detectors: ITS,TPC,TRD,TOF,PHS,CPV,EMC,HMP,MFT,MCH,MID,ZDC,FT0,FV0,FDD,CTP
[112891:ctf-reader]: [15:05:28][INFO] Read CTF 36 (36 of 62 in /home/aswathymenon/cernbox/o2_ctf_run00560355_orbit0261755616_tf0002394204_epn165.root) in 0.000 s, 0.0030 s elapsed from previous CTF
[112891:ctf-reader]: [15:05:28][INFO] Run:0560355 TF:2418328 Orbit:262527584 CreationTime:1732265349690 Detectors: ITS,TPC,TRD,TOF,PHS,CPV,EMC,HMP,MFT,MCH,MID,ZDC,FT0,FV0,FDD,CTP
[112891:ctf-reader]: [15:05:28][INFO] Read CTF 37 (37 of 62 in /home/aswathymenon/cernbox/o2_ctf_run00560355_orbit0261755616_tf0002394204_epn165.root) in 0.000 s, 0.0031 s elapsed from previous CTF
[112891:ctf-reader]: [15:05:28][INFO] Run:0560355 TF:2418980 Orbit:262548448 CreationTime:1732265351544 Detectors: ITS,TPC,TRD,TOF,PHS,CPV,EMC,HMP,MFT,MCH,MID,ZDC,FT0,FV0,FDD,CTP
[112891:ctf-reader]: [15:05:28][INFO] Read CTF 38 (38 of 62 in /home/aswathymenon/cernbox/o2_ctf_run00560355_orbit0261755616_tf0002394204_epn165.root) in 0.000 s, 0.0052 s elapsed from previous CTF
[112891:ctf-reader]: [15:05:28][INFO] Run:0560355 TF:2419632 Orbit:262569312 CreationTime:1732265353400 Detectors: ITS,TPC,TRD,TOF,PHS,CPV,EMC,HMP,MFT,MCH,MID,ZDC,FT0,FV0,FDD,CTP
[112891:ctf-reader]: [15:05:28][INFO] Read CTF 39 (39 of 62 in /home/aswathymenon/cernbox/o2_ctf_run00560355_orbit0261755616_tf0002394204_epn165.root) in 0.000 s, 0.0029 s elapsed from previous CTF
[112891:ctf-reader]: [15:05:28][INFO] Run:0560355 TF:2420284 Orbit:262590176 CreationTime:1732265355257 Detectors: ITS,TPC,TRD,TOF,PHS,CPV,EMC,HMP,MFT,MCH,MID,ZDC,FT0,FV0,FDD,CTP
[112891:ctf-reader]: [15:05:28][INFO] Read CTF 40 (40 of 62 in /home/aswathymenon/cernbox/o2_ctf_run00560355_orbit0261755616_tf0002394204_epn165.root) in 0.000 s, 0.0040 s elapsed from previous CTF
[112891:ctf-reader]: [15:05:28][INFO] Run:0560355 TF:2420936 Orbit:262611040 CreationTime:1732265357110 Detectors: ITS,TPC,TRD,TOF,PHS,CPV,EMC,HMP,MFT,MCH,MID,ZDC,FT0,FV0,FDD,CTP
[112891:ctf-reader]: [15:05:28][INFO] Read CTF 41 (41 of 62 in /home/aswathymenon/cernbox/o2_ctf_run00560355_orbit0261755616_tf0002394204_epn165.root) in 0.010 s, 0.0031 s elapsed from previous CTF
[112891:ctf-reader]: [15:05:28][INFO] Run:0560355 TF:2421588 Orbit:262631904 CreationTime:1732265358967 Detectors: ITS,TPC,TRD,TOF,PHS,CPV,EMC,HMP,MFT,MCH,MID,ZDC,FT0,FV0,FDD,CTP
[112891:ctf-reader]: [15:05:28][INFO] Read CTF 42 (42 of 62 in /home/aswathymenon/cernbox/o2_ctf_run00560355_orbit0261755616_tf0002394204_epn165.root) in 0.000 s, 0.0029 s elapsed from previous CTF
[112891:ctf-reader]: [15:05:28][INFO] Run:0560355 TF:2422240 Orbit:262652768 CreationTime:1732265360822 Detectors: ITS,TPC,TRD,TOF,PHS,CPV,EMC,HMP,MFT,MCH,MID,ZDC,FT0,FV0,FDD,CTP
[112891:ctf-reader]: [15:05:28][INFO] Read CTF 43 (43 of 62 in /home/aswathymenon/cernbox/o2_ctf_run00560355_orbit0261755616_tf0002394204_epn165.root) in 0.000 s, 0.0027 s elapsed from previous CTF
[112891:ctf-reader]: [15:05:28][INFO] Run:0560355 TF:2422892 Orbit:262673632 CreationTime:1732265362676 Detectors: ITS,TPC,TRD,TOF,PHS,CPV,EMC,HMP,MFT,MCH,MID,ZDC,FT0,FV0,FDD,CTP
[112891:ctf-reader]: [15:05:28][INFO] Read CTF 44 (44 of 62 in /home/aswathymenon/cernbox/o2_ctf_run00560355_orbit0261755616_tf0002394204_epn165.root) in 0.000 s, 0.0026 s elapsed from previous CTF
[112891:ctf-reader]: [15:05:28][INFO] Run:0560355 TF:2423544 Orbit:262694496 CreationTime:1732265364533 Detectors: ITS,TPC,TRD,TOF,PHS,CPV,EMC,HMP,MFT,MCH,MID,ZDC,FT0,FV0,FDD,CTP
[112891:ctf-reader]: [15:05:28][INFO] Read CTF 45 (45 of 62 in /home/aswathymenon/cernbox/o2_ctf_run00560355_orbit0261755616_tf0002394204_epn165.root) in 0.000 s, 0.0031 s elapsed from previous CTF
[112891:ctf-reader]: [15:05:28][INFO] Run:0560355 TF:2424196 Orbit:262715360 CreationTime:1732265366389 Detectors: ITS,TPC,TRD,TOF,PHS,CPV,EMC,HMP,MFT,MCH,MID,ZDC,FT0,FV0,FDD,CTP
[112891:ctf-reader]: [15:05:28][INFO] Read CTF 46 (46 of 62 in /home/aswathymenon/cernbox/o2_ctf_run00560355_orbit0261755616_tf0002394204_epn165.root) in 0.010 s, 0.0030 s elapsed from previous CTF
[112891:ctf-reader]: [15:05:28][INFO] Run:0560355 TF:2424848 Orbit:262736224 CreationTime:1732265368243 Detectors: ITS,TPC,TRD,TOF,PHS,CPV,EMC,HMP,MFT,MCH,MID,ZDC,FT0,FV0,FDD,CTP
[112891:ctf-reader]: [15:05:28][INFO] Read CTF 47 (47 of 62 in /home/aswathymenon/cernbox/o2_ctf_run00560355_orbit0261755616_tf0002394204_epn165.root) in 0.000 s, 0.0031 s elapsed from previous CTF
[112891:ctf-reader]: [15:05:28][INFO] Run:0560355 TF:2425500 Orbit:262757088 CreationTime:1732265370100 Detectors: ITS,TPC,TRD,TOF,PHS,CPV,EMC,HMP,MFT,MCH,MID,ZDC,FT0,FV0,FDD,CTP
[112891:ctf-reader]: [15:05:28][INFO] Read CTF 48 (48 of 62 in /home/aswathymenon/cernbox/o2_ctf_run00560355_orbit0261755616_tf0002394204_epn165.root) in 0.000 s, 0.0072 s elapsed from previous CTF
[112891:ctf-reader]: [15:05:28][INFO] Run:0560355 TF:2426152 Orbit:262777952 CreationTime:1732265371953 Detectors: ITS,TPC,TRD,TOF,PHS,CPV,EMC,HMP,MFT,MCH,MID,ZDC,FT0,FV0,FDD,CTP
[112891:ctf-reader]: [15:05:28][INFO] Read CTF 49 (49 of 62 in /home/aswathymenon/cernbox/o2_ctf_run00560355_orbit0261755616_tf0002394204_epn165.root) in 0.010 s, 0.0027 s elapsed from previous CTF
[112891:ctf-reader]: [15:05:28][INFO] Run:0560355 TF:2426804 Orbit:262798816 CreationTime:1732265373809 Detectors: ITS,TPC,TRD,TOF,PHS,CPV,EMC,HMP,MFT,MCH,MID,ZDC,FT0,FV0,FDD,CTP
[112891:ctf-reader]: [15:05:28][INFO] Read CTF 50 (50 of 62 in /home/aswathymenon/cernbox/o2_ctf_run00560355_orbit0261755616_tf0002394204_epn165.root) in 0.000 s, 0.0059 s elapsed from previous CTF
[112891:ctf-reader]: [15:05:28][INFO] Run:0560355 TF:2427456 Orbit:262819680 CreationTime:1732265375664 Detectors: ITS,TPC,TRD,TOF,PHS,CPV,EMC,HMP,MFT,MCH,MID,ZDC,FT0,FV0,FDD,CTP
[112891:ctf-reader]: [15:05:28][INFO] Read CTF 51 (51 of 62 in /home/aswathymenon/cernbox/o2_ctf_run00560355_orbit0261755616_tf0002394204_epn165.root) in 0.000 s, 0.0029 s elapsed from previous CTF
[112891:ctf-reader]: [15:05:28][INFO] Run:0560355 TF:2428108 Orbit:262840544 CreationTime:1732265377518 Detectors: ITS,TPC,TRD,TOF,PHS,CPV,EMC,HMP,MFT,MCH,MID,ZDC,FT0,FV0,FDD,CTP
[112891:ctf-reader]: [15:05:28][INFO] Read CTF 52 (52 of 62 in /home/aswathymenon/cernbox/o2_ctf_run00560355_orbit0261755616_tf0002394204_epn165.root) in 0.000 s, 0.0024 s elapsed from previous CTF
[112891:ctf-reader]: [15:05:28][INFO] Run:0560355 TF:2428760 Orbit:262861408 CreationTime:1732265379374 Detectors: ITS,TPC,TRD,TOF,PHS,CPV,EMC,HMP,MFT,MCH,MID,ZDC,FT0,FV0,FDD,CTP
[112891:ctf-reader]: [15:05:28][INFO] Read CTF 53 (53 of 62 in /home/aswathymenon/cernbox/o2_ctf_run00560355_orbit0261755616_tf0002394204_epn165.root) in 0.000 s, 0.0027 s elapsed from previous CTF
[112891:ctf-reader]: [15:05:28][INFO] Run:0560355 TF:2429412 Orbit:262882272 CreationTime:1732265381230 Detectors: ITS,TPC,TRD,TOF,PHS,CPV,EMC,HMP,MFT,MCH,MID,ZDC,FT0,FV0,FDD,CTP
[112891:ctf-reader]: [15:05:28][INFO] Read CTF 54 (54 of 62 in /home/aswathymenon/cernbox/o2_ctf_run00560355_orbit0261755616_tf0002394204_epn165.root) in 0.000 s, 0.0032 s elapsed from previous CTF
[112891:ctf-reader]: [15:05:28][INFO] Run:0560355 TF:2430064 Orbit:262903136 CreationTime:1732265383086 Detectors: ITS,TPC,TRD,TOF,PHS,CPV,EMC,HMP,MFT,MCH,MID,ZDC,FT0,FV0,FDD,CTP
[112891:ctf-reader]: [15:05:28][INFO] Read CTF 55 (55 of 62 in /home/aswathymenon/cernbox/o2_ctf_run00560355_orbit0261755616_tf0002394204_epn165.root) in 0.010 s, 0.0038 s elapsed from previous CTF
[112891:ctf-reader]: [15:05:28][INFO] Run:0560355 TF:2430716 Orbit:262924000 CreationTime:1732265384940 Detectors: ITS,TPC,TRD,TOF,PHS,CPV,EMC,HMP,MFT,MCH,MID,ZDC,FT0,FV0,FDD,CTP
[112891:ctf-reader]: [15:05:28][INFO] Read CTF 56 (56 of 62 in /home/aswathymenon/cernbox/o2_ctf_run00560355_orbit0261755616_tf0002394204_epn165.root) in 0.010 s, 0.0035 s elapsed from previous CTF
[112891:ctf-reader]: [15:05:28][INFO] Run:0560355 TF:2431368 Orbit:262944864 CreationTime:1732265386796 Detectors: ITS,TPC,TRD,TOF,PHS,CPV,EMC,HMP,MFT,MCH,MID,ZDC,FT0,FV0,FDD,CTP
[112891:ctf-reader]: [15:05:28][INFO] Read CTF 57 (57 of 62 in /home/aswathymenon/cernbox/o2_ctf_run00560355_orbit0261755616_tf0002394204_epn165.root) in 0.000 s, 0.0021 s elapsed from previous CTF
[112891:ctf-reader]: [15:05:28][INFO] Run:0560355 TF:2432020 Orbit:262965728 CreationTime:1732265388652 Detectors: ITS,TPC,TRD,TOF,PHS,CPV,EMC,HMP,MFT,MCH,MID,ZDC,FT0,FV0,FDD,CTP
[112891:ctf-reader]: [15:05:28][INFO] Read CTF 58 (58 of 62 in /home/aswathymenon/cernbox/o2_ctf_run00560355_orbit0261755616_tf0002394204_epn165.root) in 0.000 s, 0.0033 s elapsed from previous CTF
[112891:ctf-reader]: [15:05:28][INFO] Run:0560355 TF:2432672 Orbit:262986592 CreationTime:1732265390506 Detectors: ITS,TPC,TRD,TOF,PHS,CPV,EMC,HMP,MFT,MCH,MID,ZDC,FT0,FV0,FDD,CTP
[112891:ctf-reader]: [15:05:28][INFO] Read CTF 59 (59 of 62 in /home/aswathymenon/cernbox/o2_ctf_run00560355_orbit0261755616_tf0002394204_epn165.root) in 0.000 s, 0.0047 s elapsed from previous CTF
[112891:ctf-reader]: [15:05:28][INFO] Run:0560355 TF:2433324 Orbit:263007456 CreationTime:1732265392362 Detectors: ITS,TPC,TRD,TOF,PHS,CPV,EMC,HMP,MFT,MCH,MID,ZDC,FT0,FV0,FDD,CTP
[112891:ctf-reader]: [15:05:28][INFO] Read CTF 60 (60 of 62 in /home/aswathymenon/cernbox/o2_ctf_run00560355_orbit0261755616_tf0002394204_epn165.root) in 0.000 s, 0.0035 s elapsed from previous CTF
[112891:ctf-reader]: [15:05:28][INFO] Run:0560355 TF:2433976 Orbit:263028320 CreationTime:1732265394217 Detectors: ITS,TPC,TRD,TOF,PHS,CPV,EMC,HMP,MFT,MCH,MID,ZDC,FT0,FV0,FDD,CTP
[112891:ctf-reader]: [15:05:28][INFO] Read CTF 61 (61 of 62 in /home/aswathymenon/cernbox/o2_ctf_run00560355_orbit0261755616_tf0002394204_epn165.root) in 0.000 s, 0.0076 s elapsed from previous CTF
[112891:ctf-reader]: [15:05:28][INFO] CTFReader stops processing, 1 files read, 0 files failed
[112891:ctf-reader]: [15:05:28][INFO] CTF reading total timing: Cpu: 1.110 Real: 1.342 s for 62 TFs (62 accepted) in 1 loops, spent 0 s in 0 data waiting states
[112891:ctf-reader]: [15:05:28][INFO] Sending end-of-stream message to channel from_ctf-reader_to_internal-dpl-ccdb-backend
[112891:ctf-reader]: [15:05:28][INFO] Sending end-of-stream message to channel from_ctf-reader_to_trd-entropy-decoder
[112891:ctf-reader]: [15:05:28][INFO] Sending end-of-stream message to channel from_ctf-reader_to_internal-dpl-injected-dummy-sink
[112892:internal-dpl-ccdb-backend]: DN >>> C=ch/O=AliEn2/CN=Users/CN=akavumpa/OU=akavumpa
[112892:internal-dpl-ccdb-backend]: ISSUER >>> C=ch/O=AliEn2/CN=AliEn CA
[112892:internal-dpl-ccdb-backend]: BEGIN >>> 2026-03-06 05:11:26
[112892:internal-dpl-ccdb-backend]: EXPIRE >>> 2026-04-06 06:11:26
[112892:internal-dpl-ccdb-backend]: Info in <TJAlienConnectionManager>: Opening connection to JCentral. Please wait
[112892:internal-dpl-ccdb-backend]: Info in <TJAlienConnectionManager>: Opening connection to 128.142.249.76
[112892:internal-dpl-ccdb-backend]: Info in <TJAlienConnectionManager>: Successfully connected to 128.142.249.76
[112892:internal-dpl-ccdb-backend]: Info in <TJAlienFile::Open>: Accessing file /alice/data/CCDB/CTP/Calib/OrbitReset/14/31305/48e7c17a-a878-11ef-8140-0aa140641b9a in SE <ALICE::LBL_HPCS::EOS>
[112892:internal-dpl-ccdb-backend]: [15:05:45][INFO] ccdb reads http://alice-ccdb.cern.ch/CTP/Calib/OrbitReset/1732242004051/48e7c17a-a878-11ef-8140-0aa140641b9a for 1732265281044 (load to memory, agent_id: o2-ctf-reader-w/o2-ctf-reader-workflow@112892 target/Linux_x86_64 init/1772789725681 id/aswathymenon@aswathymenon-Inspiron-14-5410-2-in-1 session/Gds00okU ), 
[112892:internal-dpl-ccdb-backend]: Info in <TJAlienFile::Open>: Accessing file /alice/data/CCDB/CTP/Config/TriggerOffsets/06/49287/56b4c228-70dc-11ee-bc26-2a010e0a0b16 in SE <ALICE::LBL_HPCS::EOS>
[112892:internal-dpl-ccdb-backend]: [15:05:50][INFO] ccdb reads http://alice-ccdb.cern.ch/CTP/Config/TriggerOffsets/1696975200000/56b4c228-70dc-11ee-bc26-2a010e0a0b16 for 1732265280563 (load to memory, agent_id: o2-ctf-reader-w/o2-ctf-reader-workflow@112892 target/Linux_x86_64 init/1772789725681 id/aswathymenon@aswathymenon-Inspiron-14-5410-2-in-1 session/Gds00okU ), 
[112892:internal-dpl-ccdb-backend]: Info in <TJAlienFile::Open>: Accessing file /alice/data/CCDB/TRD/Calib/CTFDictionaryTree/14/38726/b277557d-06d8-11ee-b4d8-200114580201 in SE <ALICE::LBL_HPCS::EOS>
[112894:qc-task-TRD-TrdTrySkelton]: 2026-03-06 15:05:54.286303     Finish cycle 0
[112894:qc-task-TRD-TrdTrySkelton]: 2026-03-06 15:05:54.286369     Publishing 10 MonitorObjects
[112894:qc-task-TRD-TrdTrySkelton]: 2026-03-06 15:05:54.338093     Save data to file PbPb_Check_TrdTrySkeltonOutput.root
[112894:qc-task-TRD-TrdTrySkelton]: 2026-03-06 15:05:54.360442     Start cycle 1
[112895:qc-check-TRD-TrackletsTFCheck]: 2026-03-06 15:05:54.400005     Monitor Objects for the check 'TrackletsTFCheck' are ready --> check()
[112895:qc-check-TRD-TrackletsTFCheck]: 2026-03-06 15:05:54.400069  !  [1;33mWarning - nTrackletsTF empty[0m
[112895:qc-check-TRD-TrackletsTFCheck]: 2026-03-06 15:05:54.400077  !  [1;33mWarning - nTrackletsEVENT empty[0m
[112895:qc-check-TRD-TrackletsTFCheck]: 2026-03-06 15:05:54.400086  !  [1;33mWarning - Q0 low statistics[0m
[112895:qc-check-TRD-TrackletsTFCheck]: 2026-03-06 15:05:54.400090  !  [1;33mWarning - Q1 low statistics[0m
[112895:qc-check-TRD-TrackletsTFCheck]: 2026-03-06 15:05:54.400093  !  [1;33mWarning - Q2 low statistics[0m
[112895:qc-check-TRD-TrackletsTFCheck]: 2026-03-06 15:05:54.400095  !  [1;33mWarning - Q0 mean empty[0m
[112895:qc-check-TRD-TrackletsTFCheck]: 2026-03-06 15:05:54.400098  !  [1;33mWarning - Q1 mean empty[0m
[112895:qc-check-TRD-TrackletsTFCheck]: 2026-03-06 15:05:54.400101  !  [1;33mWarning - Q2 mean empty[0m
[112895:qc-check-TRD-TrackletsTFCheck]: 2026-03-06 15:05:54.400114     Chamber empty fraction=1
[112895:qc-check-TRD-TrackletsTFCheck]: 2026-03-06 15:05:54.400118     PadRow empty fraction=1
[112895:qc-check-TRD-TrackletsTFCheck]: 2026-03-06 15:05:54.400121  !  [1;33mWarning - MCMTrackletPerMCM empty[0m
[112895:qc-check-TRD-TrackletsTFCheck]: 2026-03-06 15:05:54.400404     Storing quality object qc/TRD/QO/TrackletsTFCheck (TrackletsTFCheck)
[112892:internal-dpl-ccdb-backend]: [15:05:55][INFO] ccdb reads http://alice-ccdb.cern.ch/TRD/Calib/CTFDictionaryTree/1546300800000/b277557d-06d8-11ee-b4d8-200114580201 for 1732265280563 (load to memory, agent_id: o2-ctf-reader-w/o2-ctf-reader-workflow@112892 target/Linux_x86_64 init/1772789725681 id/aswathymenon@aswathymenon-Inspiron-14-5410-2-in-1 session/Gds00okU ), 
[112892:internal-dpl-ccdb-backend]: [15:05:55][INFO] Sending end-of-stream message to channel from_internal-dpl-ccdb-backend_to_trd-entropy-decoder
[112892:internal-dpl-ccdb-backend]: [15:05:55][INFO] Sending end-of-stream message to channel from_internal-dpl-ccdb-backend_to_internal-dpl-injected-dummy-sink
[112893:trd-entropy-decoder]: [15:05:57][INFO] Caching in 132757552334656 ptr to CTP/Trig_Offset/0 (0x78bea0c93ee0)
[112895:qc-check-TRD-TrackletsTFCheck]: 2026-03-06 15:05:58.190886     Storing MonitorObject qc/TRD/MO/TrdTrySkelton/PadRowVsDet
[112893:trd-entropy-decoder]: [15:05:58][INFO] Loaded TRD CTF dictionary v1.0.1626472048 (16/07/21 21:47:28 UTC) from CCDB
[112893:trd-entropy-decoder]: [15:05:58][INFO] Caching in 132757560538208 ptr to TRD/CTFDICT/0 (0x455c10a0)
[112893:trd-entropy-decoder]: [15:05:58][INFO] TRD_CTF: 15 blocks, input size: 3042152, output size: 1429408 NDictWords: 26336 NDataWords: 330517 NLiteralWords: 103
[112893:trd-entropy-decoder]: [15:05:58][INFO] Decoded 276516 TRD tracklets and 0 digits in 34 triggers, (raw input:2212944/input to encode:3042152/ctf size:1427824 bytes) in 2.92 s
[112893:trd-entropy-decoder]: [15:05:58][INFO] TRD_CTF: 15 blocks, input size: 3230441, output size: 1511952 NDictWords: 26258 NDataWords: 351285 NLiteralWords: 53
[112894:qc-task-TRD-TrdTrySkelton]: 2026-03-06 15:05:58.567876  !  [1;33mWarning - last globalKey=1378859 tracklets=2[0m
[112893:trd-entropy-decoder]: [15:05:58][INFO] Decoded 293623 TRD tracklets and 0 digits in 42 triggers, (raw input:2349992/input to encode:3230441/ctf size:1510384 bytes) in 0.02 s
[112893:trd-entropy-decoder]: [15:05:58][INFO] TRD_CTF: 15 blocks, input size: 3465642, output size: 1618640 NDictWords: 26566 NDataWords: 377562 NLiteralWords: 140
[112894:qc-task-TRD-TrdTrySkelton]: 2026-03-06 15:05:58.588706  !  [1;33mWarning - last globalKey=1378754 tracklets=1[0m
[112893:trd-entropy-decoder]: [15:05:58][INFO] Decoded 315010 TRD tracklets and 0 digits in 38 triggers, (raw input:2520992/input to encode:3465642/ctf size:1617072 bytes) in 0.02 s
[112893:trd-entropy-decoder]: [15:05:58][INFO] TRD_CTF: 15 blocks, input size: 4457063, output size: 2066672 NDictWords: 29992 NDataWords: 486169 NLiteralWords: 112
[112894:qc-task-TRD-TrdTrySkelton]: 2026-03-06 15:05:58.613262  !  [1;33mWarning - last globalKey=1378880 tracklets=1[0m
[112893:trd-entropy-decoder]: [15:05:58][INFO] Decoded 405143 TRD tracklets and 0 digits in 35 triggers, (raw input:3241984/input to encode:4457063/ctf size:2065092 bytes) in 0.03 s
[112893:trd-entropy-decoder]: [15:05:58][INFO] TRD_CTF: 15 blocks, input size: 4300658, output size: 1991360 NDictWords: 28633 NDataWords: 468691 NLiteralWords: 127
[112893:trd-entropy-decoder]: [15:05:58][INFO] Decoded 390918 TRD tracklets and 0 digits in 40 triggers, (raw input:3128304/input to encode:4300658/ctf size:1989804 bytes) in 0.02 s
[112894:qc-task-TRD-TrdTrySkelton]: 2026-03-06 15:05:58.644159  !  [1;33mWarning - last globalKey=1378943 tracklets=2[0m
[112893:trd-entropy-decoder]: [15:05:58][INFO] TRD_CTF: 15 blocks, input size: 3987045, output size: 1848864 NDictWords: 27640 NDataWords: 434075 NLiteralWords: 107
[112894:qc-task-TRD-TrdTrySkelton]: 2026-03-06 15:05:58.667712  !  [1;33mWarning - last globalKey=1378628 tracklets=1[0m
[112893:trd-entropy-decoder]: [15:05:58][INFO] Decoded 362409 TRD tracklets and 0 digits in 39 triggers, (raw input:2900208/input to encode:3987045/ctf size:1847288 bytes) in 0.03 s
[112893:trd-entropy-decoder]: [15:05:58][INFO] TRD_CTF: 15 blocks, input size: 3046654, output size: 1428368 NDictWords: 26124 NDataWords: 330468 NLiteralWords: 109
[112893:trd-entropy-decoder]: [15:05:58][INFO] Decoded 276924 TRD tracklets and 0 digits in 35 triggers, (raw input:2216232/input to encode:3046654/ctf size:1426804 bytes) in 0.02 s
[112893:trd-entropy-decoder]: [15:05:58][INFO] TRD_CTF: 15 blocks, input size: 5018716, output size: 2315536 NDictWords: 30783 NDataWords: 547604 NLiteralWords: 104
[112894:qc-task-TRD-TrdTrySkelton]: 2026-03-06 15:05:58.689676  !  [1;33mWarning - last globalKey=1327703 tracklets=1[0m
[112894:qc-task-TRD-TrdTrySkelton]: 2026-03-06 15:05:58.706284  !  [1;33mWarning - last globalKey=1378901 tracklets=2[0m
[112893:trd-entropy-decoder]: [15:05:58][INFO] Decoded 456196 TRD tracklets and 0 digits in 40 triggers, (raw input:3650528/input to encode:5018716/ctf size:2313964 bytes) in 0.02 s
[112893:trd-entropy-decoder]: [15:05:58][INFO] TRD_CTF: 15 blocks, input size: 3530628, output size: 1643136 NDictWords: 26122 NDataWords: 384149 NLiteralWords: 122
[112893:trd-entropy-decoder]: [15:05:58][INFO] Decoded 320914 TRD tracklets and 0 digits in 41 triggers, (raw input:2568296/input to encode:3530628/ctf size:1641572 bytes) in 0.02 s
[112893:trd-entropy-decoder]: [15:05:58][INFO] TRD_CTF: 15 blocks, input size: 3229587, output size: 1511920 NDictWords: 26347 NDataWords: 351148 NLiteralWords: 92
[112894:qc-task-TRD-TrdTrySkelton]: 2026-03-06 15:05:58.742502  !  [1;33mWarning - last globalKey=1375520 tracklets=1[0m
[112893:trd-entropy-decoder]: [15:05:58][INFO] Decoded 293553 TRD tracklets and 0 digits in 36 triggers, (raw input:2349288/input to encode:3229587/ctf size:1510348 bytes) in 0.02 s
[112893:trd-entropy-decoder]: [15:05:58][INFO] TRD_CTF: 15 blocks, input size: 3367497, output size: 1571072 NDictWords: 25989 NDataWords: 366269 NLiteralWords: 118
[112894:qc-task-TRD-TrdTrySkelton]: 2026-03-06 15:05:58.762011  !  [1;33mWarning - last globalKey=1378943 tracklets=2[0m
[112893:trd-entropy-decoder]: [15:05:58][INFO] Decoded 306089 TRD tracklets and 0 digits in 37 triggers, (raw input:2449600/input to encode:3367497/ctf size:1569504 bytes) in 0.02 s
[112893:trd-entropy-decoder]: [15:05:58][INFO] TRD_CTF: 15 blocks, input size: 3984465, output size: 1852192 NDictWords: 28391 NDataWords: 434134 NLiteralWords: 124
[112894:qc-task-TRD-TrdTrySkelton]: 2026-03-06 15:05:58.779828  !  [1;33mWarning - last globalKey=1378880 tracklets=1[0m
[112894:qc-task-TRD-TrdTrySkelton]: 2026-03-06 15:05:58.798658  !  [1;33mWarning - last globalKey=1378733 tracklets=1[0m
[112893:trd-entropy-decoder]: [15:05:58][INFO] Decoded 362177 TRD tracklets and 0 digits in 37 triggers, (raw input:2898304/input to encode:3984465/ctf size:1850596 bytes) in 0.03 s
[112893:trd-entropy-decoder]: [15:05:58][INFO] TRD_CTF: 15 blocks, input size: 8262188, output size: 3336192 NDictWords: 28158 NDataWords: 805342 NLiteralWords: 154
[112894:qc-task-TRD-TrdTrySkelton]: 2026-03-06 15:05:58.821739  !  [1;33mWarning - last globalKey=1378922 tracklets=1[0m
[112893:trd-entropy-decoder]: [15:05:58][INFO] Decoded 370813 TRD tracklets and 64349 digits in 40 triggers, (raw input:7214498/input to encode:8262188/ctf size:3334616 bytes) in 0.03 s
[112893:trd-entropy-decoder]: [15:05:58][INFO] TRD_CTF: 15 blocks, input size: 3511140, output size: 1636912 NDictWords: 26510 NDataWords: 382216 NLiteralWords: 105
[112893:trd-entropy-decoder]: [15:05:58][INFO] Decoded 319150 TRD tracklets and 0 digits in 35 triggers, (raw input:2554040/input to encode:3511140/ctf size:1635324 bytes) in 0.02 s
[112893:trd-entropy-decoder]: [15:05:58][INFO] TRD_CTF: 15 blocks, input size: 5072953, output size: 2346608 NDictWords: 32023 NDataWords: 554060 NLiteralWords: 172
[112894:qc-task-TRD-TrdTrySkelton]: 2026-03-06 15:05:58.857515  !  [1;33mWarning - last globalKey=1378418 tracklets=1[0m
[112894:qc-task-TRD-TrdTrySkelton]: 2026-03-06 15:05:58.876439  !  [1;33mWarning - last globalKey=1378691 tracklets=1[0m
[112893:trd-entropy-decoder]: [15:05:58][INFO] Decoded 461133 TRD tracklets and 0 digits in 35 triggers, (raw input:3689904/input to encode:5072953/ctf size:2345020 bytes) in 0.03 s
[112893:trd-entropy-decoder]: [15:05:58][INFO] TRD_CTF: 15 blocks, input size: 5204303, output size: 2403504 NDictWords: 31952 NDataWords: 568392 NLiteralWords: 142
[112894:qc-task-TRD-TrdTrySkelton]: 2026-03-06 15:05:58.912132  !  [1;33mWarning - last globalKey=1378943 tracklets=1[0m
[112893:trd-entropy-decoder]: [15:05:58][INFO] Decoded 473065 TRD tracklets and 0 digits in 42 triggers, (raw input:3785528/input to encode:5204303/ctf size:2401944 bytes) in 0.03 s
[112893:trd-entropy-decoder]: [15:05:58][INFO] TRD_CTF: 15 blocks, input size: 4572088, output size: 1841024 NDictWords: 25964 NDataWords: 433773 NLiteralWords: 127
[112893:trd-entropy-decoder]: [15:05:58][INFO] Decoded 267372 TRD tracklets and 25086 digits in 29 triggers, (raw input:3795348/input to encode:4572088/ctf size:1839456 bytes) in 0.02 s
[112893:trd-entropy-decoder]: [15:05:58][INFO] TRD_CTF: 15 blocks, input size: 2411923, output size: 1131376 NDictWords: 20711 NDataWords: 261687 NLiteralWords: 53
[112894:qc-task-TRD-TrdTrySkelton]: 2026-03-06 15:05:58.940930  !  [1;33mWarning - last globalKey=1377032 tracklets=1[0m
[112893:trd-entropy-decoder]: [15:05:58][INFO] Decoded 219225 TRD tracklets and 0 digits in 32 triggers, (raw input:1754568/input to encode:2411923/ctf size:1129804 bytes) in 0.02 s
[112893:trd-entropy-decoder]: [15:05:58][INFO] TRD_CTF: 15 blocks, input size: 3794700, output size: 1763088 NDictWords: 27427 NDataWords: 412853 NLiteralWords: 101
[112894:qc-task-TRD-TrdTrySkelton]: 2026-03-06 15:05:58.956755  !  [1;33mWarning - last globalKey=1378124 tracklets=1[0m
[112894:qc-task-TRD-TrdTrySkelton]: 2026-03-06 15:05:58.970451  !  [1;33mWarning - last globalKey=1378922 tracklets=1[0m
[112893:trd-entropy-decoder]: [15:05:58][INFO] Decoded 344932 TRD tracklets and 0 digits in 32 triggers, (raw input:2760224/input to encode:3794700/ctf size:1761524 bytes) in 0.02 s
[112893:trd-entropy-decoder]: [15:05:58][INFO] TRD_CTF: 15 blocks, input size: 2813046, output size: 1315472 NDictWords: 22645 NDataWords: 305773 NLiteralWords: 54
[112893:trd-entropy-decoder]: [15:05:58][INFO] Decoded 255692 TRD tracklets and 0 digits in 31 triggers, (raw input:2046280/input to encode:2813046/ctf size:1313888 bytes) in 0.01 s
[112893:trd-entropy-decoder]: [15:05:58][INFO] TRD_CTF: 15 blocks, input size: 4734432, output size: 2191504 NDictWords: 30586 NDataWords: 516766 NLiteralWords: 132
[112894:qc-task-TRD-TrdTrySkelton]: 2026-03-06 15:05:58.994782  !  [1;33mWarning - last globalKey=1378943 tracklets=1[0m
[112894:qc-task-TRD-TrdTrySkelton]: 2026-03-06 15:05:59.010440  !  [1;33mWarning - last globalKey=1378901 tracklets=1[0m
[112893:trd-entropy-decoder]: [15:05:59][INFO] Decoded 430352 TRD tracklets and 0 digits in 40 triggers, (raw input:3443776/input to encode:4734432/ctf size:2189936 bytes) in 0.03 s
[112893:trd-entropy-decoder]: [15:05:59][INFO] TRD_CTF: 15 blocks, input size: 5487487, output size: 2528240 NDictWords: 32311 NDataWords: 599251 NLiteralWords: 109
[112894:qc-task-TRD-TrdTrySkelton]: 2026-03-06 15:05:59.040616  !  [1;33mWarning - last globalKey=1378880 tracklets=1[0m
[112893:trd-entropy-decoder]: [15:05:59][INFO] Decoded 498809 TRD tracklets and 0 digits in 42 triggers, (raw input:3991480/input to encode:5487487/ctf size:2526684 bytes) in 0.03 s
[112893:trd-entropy-decoder]: [15:05:59][INFO] TRD_CTF: 15 blocks, input size: 2896421, output size: 1365424 NDictWords: 26113 NDataWords: 314791 NLiteralWords: 60
[112893:trd-entropy-decoder]: [15:05:59][INFO] Decoded 263269 TRD tracklets and 0 digits in 33 triggers, (raw input:2106944/input to encode:2896421/ctf size:1363856 bytes) in 0.02 s
[112893:trd-entropy-decoder]: [15:05:59][INFO] TRD_CTF: 15 blocks, input size: 4102193, output size: 1904128 NDictWords: 28375 NDataWords: 447155 NLiteralWords: 108
[112894:qc-task-TRD-TrdTrySkelton]: 2026-03-06 15:05:59.074260  !  [1;33mWarning - last globalKey=1378565 tracklets=1[0m
[112893:trd-entropy-decoder]: [15:05:59][INFO] Decoded 372877 TRD tracklets and 0 digits in 39 triggers, (raw input:2983952/input to encode:4102193/ctf size:1902552 bytes) in 0.02 s
[112893:trd-entropy-decoder]: [15:05:59][INFO] TRD_CTF: 15 blocks, input size: 4364652, output size: 2020640 NDictWords: 29014 NDataWords: 475656 NLiteralWords: 93
[112894:qc-task-TRD-TrdTrySkelton]: 2026-03-06 15:05:59.089781  !  [1;33mWarning - last globalKey=1378943 tracklets=2[0m
[112895:qc-check-TRD-TrackletsTFCheck]: 2026-03-06 15:05:59.097650     Storing MonitorObject qc/TRD/MO/TrdTrySkelton/MCMTrackletPerMCM
[112893:trd-entropy-decoder]: [15:05:59][INFO] Decoded 396742 TRD tracklets and 0 digits in 35 triggers, (raw input:3174776/input to encode:4364652/ctf size:2019052 bytes) in 0.03 s
[112893:trd-entropy-decoder]: [15:05:59][INFO] TRD_CTF: 15 blocks, input size: 4329562, output size: 2007488 NDictWords: 29347 NDataWords: 472024 NLiteralWords: 107
[112894:qc-task-TRD-TrdTrySkelton]: 2026-03-06 15:05:59.112179  !  [1;33mWarning - last globalKey=1378628 tracklets=2[0m
[112894:qc-task-TRD-TrdTrySkelton]: 2026-03-06 15:05:59.135449  !  [1;33mWarning - last globalKey=1378901 tracklets=1[0m
[112893:trd-entropy-decoder]: [15:05:59][INFO] Decoded 393552 TRD tracklets and 0 digits in 35 triggers, (raw input:3149256/input to encode:4329562/ctf size:2005912 bytes) in 0.03 s
[112893:trd-entropy-decoder]: [15:05:59][INFO] TRD_CTF: 15 blocks, input size: 4392683, output size: 2035136 NDictWords: 29358 NDataWords: 478911 NLiteralWords: 126
[112894:qc-task-TRD-TrdTrySkelton]: 2026-03-06 15:05:59.160208  !  [1;33mWarning - last globalKey=1378292 tracklets=1[0m
[112893:trd-entropy-decoder]: [15:05:59][INFO] Decoded 399289 TRD tracklets and 0 digits in 36 triggers, (raw input:3195176/input to encode:4392683/ctf size:2033580 bytes) in 0.02 s
[112893:trd-entropy-decoder]: [15:05:59][INFO] TRD_CTF: 15 blocks, input size: 21060581, output size: 8157504 NDictWords: 26669 NDataWords: 2012156 NLiteralWords: 150
[112894:qc-task-TRD-TrdTrySkelton]: 2026-03-06 15:05:59.186337  !  [1;33mWarning - last globalKey=1378712 tracklets=1[0m
[112893:trd-entropy-decoder]: [15:05:59][INFO] Decoded 321497 TRD tracklets and 269594 digits in 36 triggers, (raw input:20366044/input to encode:21060581/ctf size:8155900 bytes) in 0.08 s
[112893:trd-entropy-decoder]: [15:05:59][INFO] TRD_CTF: 15 blocks, input size: 5788574, output size: 2667376 NDictWords: 33736 NDataWords: 632572 NLiteralWords: 148
[112894:qc-task-TRD-TrdTrySkelton]: 2026-03-06 15:05:59.253860  !  [1;33mWarning - last globalKey=1378880 tracklets=1[0m
[112893:trd-entropy-decoder]: [15:05:59][INFO] Decoded 526178 TRD tracklets and 0 digits in 44 triggers, (raw input:4210480/input to encode:5788574/ctf size:2665824 bytes) in 0.03 s
[112893:trd-entropy-decoder]: [15:05:59][INFO] TRD_CTF: 15 blocks, input size: 4577640, output size: 2117968 NDictWords: 29766 NDataWords: 499208 NLiteralWords: 124
[112893:trd-entropy-decoder]: [15:05:59][INFO] Decoded 416102 TRD tracklets and 0 digits in 37 triggers, (raw input:3329704/input to encode:4577640/ctf size:2116392 bytes) in 0.02 s
[112893:trd-entropy-decoder]: [15:05:59][INFO] TRD_CTF: 15 blocks, input size: 2846101, output size: 1332352 NDictWords: 23134 NDataWords: 309503 NLiteralWords: 63
[112894:qc-task-TRD-TrdTrySkelton]: 2026-03-06 15:05:59.295516  !  [1;33mWarning - last globalKey=1378838 tracklets=1[0m
[112893:trd-entropy-decoder]: [15:05:59][INFO] Decoded 258697 TRD tracklets and 0 digits in 31 triggers, (raw input:2070320/input to encode:2846101/ctf size:1330800 bytes) in 0.02 s
[112893:trd-entropy-decoder]: [15:05:59][INFO] TRD_CTF: 15 blocks, input size: 5128086, output size: 2368400 NDictWords: 31620 NDataWords: 559935 NLiteralWords: 151
[112894:qc-task-TRD-TrdTrySkelton]: 2026-03-06 15:05:59.320179  !  [1;33mWarning - last globalKey=1378544 tracklets=1[0m
[112893:trd-entropy-decoder]: [15:05:59][INFO] Decoded 466140 TRD tracklets and 0 digits in 39 triggers, (raw input:3730056/input to encode:5128086/ctf size:2366824 bytes) in 0.03 s
[112893:trd-entropy-decoder]: [15:05:59][INFO] TRD_CTF: 15 blocks, input size: 4634227, output size: 2144400 NDictWords: 29868 NDataWords: 505717 NLiteralWords: 123
[112894:qc-task-TRD-TrdTrySkelton]: 2026-03-06 15:05:59.335594  !  [1;33mWarning - last globalKey=1378922 tracklets=1[0m
[112893:trd-entropy-decoder]: [15:05:59][INFO] Decoded 421245 TRD tracklets and 0 digits in 38 triggers, (raw input:3370872/input to encode:4634227/ctf size:2142832 bytes) in 0.02 s
[112893:trd-entropy-decoder]: [15:05:59][INFO] TRD_CTF: 15 blocks, input size: 3952869, output size: 1829520 NDictWords: 27467 NDataWords: 429427 NLiteralWords: 90
[112894:qc-task-TRD-TrdTrySkelton]: 2026-03-06 15:05:59.362885  !  [1;33mWarning - last globalKey=1378670 tracklets=1[0m
[112893:trd-entropy-decoder]: [15:05:59][INFO] Decoded 359311 TRD tracklets and 0 digits in 32 triggers, (raw input:2875256/input to encode:3952869/ctf size:1827936 bytes) in 0.02 s
[112893:trd-entropy-decoder]: [15:05:59][INFO] TRD_CTF: 15 blocks, input size: 4852847, output size: 2239120 NDictWords: 30199 NDataWords: 529068 NLiteralWords: 121
[112894:qc-task-TRD-TrdTrySkelton]: 2026-03-06 15:05:59.387742  !  [1;33mWarning - last globalKey=1378943 tracklets=1[0m
[112893:trd-entropy-decoder]: [15:05:59][INFO] Decoded 441117 TRD tracklets and 0 digits in 40 triggers, (raw input:3529896/input to encode:4852847/ctf size:2237552 bytes) in 0.03 s
[112893:trd-entropy-decoder]: [15:05:59][INFO] TRD_CTF: 15 blocks, input size: 3270412, output size: 1520816 NDictWords: 25321 NDataWords: 354422 NLiteralWords: 74
[112894:qc-task-TRD-TrdTrySkelton]: 2026-03-06 15:05:59.410138  !  [1;33mWarning - last globalKey=1378712 tracklets=1[0m
[112893:trd-entropy-decoder]: [15:05:59][INFO] Decoded 297258 TRD tracklets and 0 digits in 41 triggers, (raw input:2379048/input to encode:3270412/ctf size:1519268 bytes) in 0.02 s
[112893:trd-entropy-decoder]: [15:05:59][INFO] TRD_CTF: 15 blocks, input size: 4106467, output size: 1906512 NDictWords: 28433 NDataWords: 447672 NLiteralWords: 134
[112894:qc-task-TRD-TrdTrySkelton]: 2026-03-06 15:05:59.436599  !  [1;33mWarning - last globalKey=1378334 tracklets=1[0m
[112893:trd-entropy-decoder]: [15:05:59][INFO] Decoded 373263 TRD tracklets and 0 digits in 41 triggers, (raw input:2987088/input to encode:4106467/ctf size:1904956 bytes) in 0.03 s
[112893:trd-entropy-decoder]: [15:05:59][INFO] TRD_CTF: 15 blocks, input size: 3508429, output size: 1633904 NDictWords: 26309 NDataWords: 381682 NLiteralWords: 95
[112894:qc-task-TRD-TrdTrySkelton]: 2026-03-06 15:05:59.454428  !  [1;33mWarning - last globalKey=1378754 tracklets=1[0m
[112893:trd-entropy-decoder]: [15:05:59][INFO] Decoded 318901 TRD tracklets and 0 digits in 37 triggers, (raw input:2552096/input to encode:3508429/ctf size:1632344 bytes) in 0.02 s
[112893:trd-entropy-decoder]: [15:05:59][INFO] TRD_CTF: 15 blocks, input size: 4664352, output size: 2144032 NDictWords: 28538 NDataWords: 506929 NLiteralWords: 144
[112894:qc-task-TRD-TrdTrySkelton]: 2026-03-06 15:05:59.476808  !  [1;33mWarning - last globalKey=1378292 tracklets=1[0m
[112894:qc-task-TRD-TrdTrySkelton]: 2026-03-06 15:05:59.495902  !  [1;33mWarning - last globalKey=1377557 tracklets=1[0m
[112893:trd-entropy-decoder]: [15:05:59][INFO] Decoded 423976 TRD tracklets and 0 digits in 44 triggers, (raw input:3392864/input to encode:4664352/ctf size:2142444 bytes) in 0.02 s
[112893:trd-entropy-decoder]: [15:05:59][INFO] TRD_CTF: 15 blocks, input size: 2318085, output size: 1086160 NDictWords: 20174 NDataWords: 250871 NLiteralWords: 101
[112893:trd-entropy-decoder]: [15:05:59][INFO] Decoded 210693 TRD tracklets and 0 digits in 33 triggers, (raw input:1686336/input to encode:2318085/ctf size:1084584 bytes) in 0.01 s
[112893:trd-entropy-decoder]: [15:05:59][INFO] TRD_CTF: 15 blocks, input size: 5146834, output size: 2373760 NDictWords: 31177 NDataWords: 561744 NLiteralWords: 124
[112894:qc-task-TRD-TrdTrySkelton]: 2026-03-06 15:05:59.525162  !  [1;33mWarning - last globalKey=1378124 tracklets=1[0m
[112894:qc-task-TRD-TrdTrySkelton]: 2026-03-06 15:05:59.537576  !  [1;33mWarning - last globalKey=1378649 tracklets=1[0m
[112893:trd-entropy-decoder]: [15:05:59][INFO] Decoded 467838 TRD tracklets and 0 digits in 44 triggers, (raw input:3743760/input to encode:5146834/ctf size:2372180 bytes) in 0.03 s
[112893:trd-entropy-decoder]: [15:05:59][INFO] TRD_CTF: 15 blocks, input size: 3488988, output size: 1626240 NDictWords: 26418 NDataWords: 379645 NLiteralWords: 103
[112893:trd-entropy-decoder]: [15:05:59][INFO] Decoded 317140 TRD tracklets and 0 digits in 32 triggers, (raw input:2537888/input to encode:3488988/ctf size:1624664 bytes) in 0.02 s
[112893:trd-entropy-decoder]: [15:05:59][INFO] TRD_CTF: 15 blocks, input size: 3107675, output size: 1456944 NDictWords: 25771 NDataWords: 338004 NLiteralWords: 72
[112894:qc-task-TRD-TrdTrySkelton]: 2026-03-06 15:05:59.567457  !  [1;33mWarning - last globalKey=1378922 tracklets=3[0m
[112893:trd-entropy-decoder]: [15:05:59][INFO] Decoded 282465 TRD tracklets and 0 digits in 40 triggers, (raw input:2260680/input to encode:3107675/ctf size:1455388 bytes) in 0.02 s
[112893:trd-entropy-decoder]: [15:05:59][INFO] TRD_CTF: 15 blocks, input size: 3497239, output size: 1627888 NDictWords: 26198 NDataWords: 380267 NLiteralWords: 113
[112894:qc-task-TRD-TrdTrySkelton]: 2026-03-06 15:05:59.586197  !  [1;33mWarning - last globalKey=1378901 tracklets=1[0m
[112893:trd-entropy-decoder]: [15:05:59][INFO] Decoded 317885 TRD tracklets and 0 digits in 36 triggers, (raw input:2543944/input to encode:3497239/ctf size:1626312 bytes) in 0.02 s
[112893:trd-entropy-decoder]: [15:05:59][INFO] TRD_CTF: 15 blocks, input size: 3447364, output size: 1605760 NDictWords: 25907 NDataWords: 375062 NLiteralWords: 75
[112894:qc-task-TRD-TrdTrySkelton]: 2026-03-06 15:05:59.603101  !  [1;33mWarning - last globalKey=1378922 tracklets=1[0m
[112894:qc-task-TRD-TrdTrySkelton]: 2026-03-06 15:05:59.621868  !  [1;33mWarning - last globalKey=1378943 tracklets=1[0m
[112893:trd-entropy-decoder]: [15:05:59][INFO] Decoded 313342 TRD tracklets and 0 digits in 43 triggers, (raw input:2507768/input to encode:3447364/ctf size:1604176 bytes) in 0.02 s
[112893:trd-entropy-decoder]: [15:05:59][INFO] TRD_CTF: 15 blocks, input size: 3229597, output size: 1510944 NDictWords: 26257 NDataWords: 350969 NLiteralWords: 116
[112894:qc-task-TRD-TrdTrySkelton]: 2026-03-06 15:05:59.642096  !  [1;33mWarning - last globalKey=1378922 tracklets=1[0m
[112893:trd-entropy-decoder]: [15:05:59][INFO] Decoded 293559 TRD tracklets and 0 digits in 32 triggers, (raw input:2349240/input to encode:3229597/ctf size:1509368 bytes) in 0.03 s
[112893:trd-entropy-decoder]: [15:05:59][INFO] TRD_CTF: 15 blocks, input size: 3856831, output size: 1794912 NDictWords: 27936 NDataWords: 420276 NLiteralWords: 125
[112894:qc-task-TRD-TrdTrySkelton]: 2026-03-06 15:05:59.661003  !  [1;33mWarning - last globalKey=1375121 tracklets=1[0m
[112893:trd-entropy-decoder]: [15:05:59][INFO] Decoded 350579 TRD tracklets and 0 digits in 33 triggers, (raw input:2805424/input to encode:3856831/ctf size:1793348 bytes) in 0.02 s
[112893:trd-entropy-decoder]: [15:05:59][INFO] TRD_CTF: 15 blocks, input size: 4148625, output size: 1921168 NDictWords: 27929 NDataWords: 451831 NLiteralWords: 132
[112894:qc-task-TRD-TrdTrySkelton]: 2026-03-06 15:05:59.687700  !  [1;33mWarning - last globalKey=1378943 tracklets=1[0m
[112893:trd-entropy-decoder]: [15:05:59][INFO] Decoded 377093 TRD tracklets and 0 digits in 43 triggers, (raw input:3017776/input to encode:4148625/ctf size:1919568 bytes) in 0.02 s
[112893:trd-entropy-decoder]: [15:05:59][INFO] TRD_CTF: 15 blocks, input size: 5140819, output size: 2362848 NDictWords: 30668 NDataWords: 559527 NLiteralWords: 121
[112894:qc-task-TRD-TrdTrySkelton]: 2026-03-06 15:05:59.713949  !  [1;33mWarning - last globalKey=1327409 tracklets=1[0m
[112893:trd-entropy-decoder]: [15:05:59][INFO] Decoded 467295 TRD tracklets and 0 digits in 41 triggers, (raw input:3739344/input to encode:5140819/ctf size:2361264 bytes) in 0.03 s
[112893:trd-entropy-decoder]: [15:05:59][INFO] TRD_CTF: 15 blocks, input size: 3376748, output size: 1569104 NDictWords: 25305 NDataWords: 366470 NLiteralWords: 109
[112893:trd-entropy-decoder]: [15:05:59][INFO] Decoded 306930 TRD tracklets and 0 digits in 37 triggers, (raw input:2456328/input to encode:3376748/ctf size:1567536 bytes) in 0.02 s
[112893:trd-entropy-decoder]: [15:05:59][INFO] TRD_CTF: 15 blocks, input size: 14634430, output size: 5678016 NDictWords: 26730 NDataWords: 1392215 NLiteralWords: 162
[112894:qc-task-TRD-TrdTrySkelton]: 2026-03-06 15:05:59.747048  !  [1;33mWarning - last globalKey=1378607 tracklets=1[0m
[112894:qc-task-TRD-TrdTrySkelton]: 2026-03-06 15:05:59.765566  !  [1;33mWarning - last globalKey=1378880 tracklets=2[0m
[112895:qc-check-TRD-TrackletsTFCheck]: 2026-03-06 15:05:59.771506     Storing MonitorObject qc/TRD/MO/TrdTrySkelton/nTrackletsTF
[112893:trd-entropy-decoder]: [15:05:59][INFO] Decoded 332249 TRD tracklets and 168911 digits in 34 triggers, (raw input:13806934/input to encode:14634430/ctf size:5676428 bytes) in 0.05 s
[112893:trd-entropy-decoder]: [15:05:59][INFO] TRD_CTF: 15 blocks, input size: 2528469, output size: 1178800 NDictWords: 20501 NDataWords: 273714 NLiteralWords: 96
[112893:trd-entropy-decoder]: [15:05:59][INFO] Decoded 229815 TRD tracklets and 0 digits in 36 triggers, (raw input:1839384/input to encode:2528469/ctf size:1177244 bytes) in 0.02 s
[112893:trd-entropy-decoder]: [15:05:59][INFO] TRD_CTF: 15 blocks, input size: 3291324, output size: 1541568 NDictWords: 26670 NDataWords: 358216 NLiteralWords: 109
[112894:qc-task-TRD-TrdTrySkelton]: 2026-03-06 15:05:59.813139  !  [1;33mWarning - last globalKey=1378943 tracklets=1[0m
[112893:trd-entropy-decoder]: [15:05:59][INFO] Decoded 299168 TRD tracklets and 0 digits in 34 triggers, (raw input:2394160/input to encode:3291324/ctf size:1539980 bytes) in 0.02 s
[112893:trd-entropy-decoder]: [15:05:59][INFO] TRD_CTF: 15 blocks, input size: 3326191, output size: 1554496 NDictWords: 26531 NDataWords: 361594 NLiteralWords: 104
[112894:qc-task-TRD-TrdTrySkelton]: 2026-03-06 15:05:59.827204  !  [1;33mWarning - last globalKey=1378922 tracklets=1[0m
[112894:qc-task-TRD-TrdTrySkelton]: 2026-03-06 15:05:59.844990  !  [1;33mWarning - last globalKey=1378943 tracklets=1[0m
[112893:trd-entropy-decoder]: [15:05:59][INFO] Decoded 302339 TRD tracklets and 0 digits in 33 triggers, (raw input:2419504/input to encode:3326191/ctf size:1552916 bytes) in 0.02 s
[112893:trd-entropy-decoder]: [15:05:59][INFO] TRD_CTF: 15 blocks, input size: 3170679, output size: 1486032 NDictWords: 26181 NDataWords: 344842 NLiteralWords: 93
[112894:qc-task-TRD-TrdTrySkelton]: 2026-03-06 15:05:59.866233  !  [1;33mWarning - last globalKey=1378901 tracklets=1[0m
[112893:trd-entropy-decoder]: [15:05:59][INFO] Decoded 288199 TRD tracklets and 0 digits in 35 triggers, (raw input:2306432/input to encode:3170679/ctf size:1484464 bytes) in 0.02 s
[112893:trd-entropy-decoder]: [15:05:59][INFO] TRD_CTF: 15 blocks, input size: 4367190, output size: 2017360 NDictWords: 28724 NDataWords: 475105 NLiteralWords: 116
[112894:qc-task-TRD-TrdTrySkelton]: 2026-03-06 15:05:59.885970  !  [1;33mWarning - last globalKey=1327115 tracklets=1[0m
[112893:trd-entropy-decoder]: [15:05:59][INFO] Decoded 396974 TRD tracklets and 0 digits in 34 triggers, (raw input:3176608/input to encode:4367190/ctf size:2015780 bytes) in 0.02 s
[112893:trd-entropy-decoder]: [15:05:59][INFO] TRD_CTF: 15 blocks, input size: 2996971, output size: 1409200 NDictWords: 26402 NDataWords: 325408 NLiteralWords: 99
[112893:trd-entropy-decoder]: [15:05:59][INFO] Decoded 272415 TRD tracklets and 0 digits in 29 triggers, (raw input:2180016/input to encode:2996971/ctf size:1407636 bytes) in 0.02 s
[112893:trd-entropy-decoder]: [15:05:59][INFO] TRD_CTF: 15 blocks, input size: 1655070, output size: 790496 NDictWords: 18200 NDataWords: 178985 NLiteralWords: 45
[112894:qc-task-TRD-TrdTrySkelton]: 2026-03-06 15:05:59.917128  !  [1;33mWarning - last globalKey=1378880 tracklets=2[0m
[112893:trd-entropy-decoder]: [15:05:59][INFO] Decoded 150424 TRD tracklets and 0 digits in 29 triggers, (raw input:1204088/input to encode:1655070/ctf size:788920 bytes) in 0.01 s
[112893:trd-entropy-decoder]: [15:05:59][INFO] TRD_CTF: 15 blocks, input size: 3465430, output size: 1610640 NDictWords: 25768 NDataWords: 376399 NLiteralWords: 105
[112894:qc-task-TRD-TrdTrySkelton]: 2026-03-06 15:05:59.933398  !  [1;33mWarning - last globalKey=1378901 tracklets=1[0m
[112894:qc-task-TRD-TrdTrySkelton]: 2026-03-06 15:05:59.941594  !  [1;33mWarning - High MCM occupancy detected: globalKey=670718 tracklets=4[0m
[112894:qc-task-TRD-TrdTrySkelton]: 2026-03-06 15:05:59.942913  !  [1;33mWarning - last globalKey=1378439 tracklets=1[0m
[112893:trd-entropy-decoder]: [15:05:59][INFO] Decoded 314992 TRD tracklets and 0 digits in 37 triggers, (raw input:2520824/input to encode:3465430/ctf size:1609088 bytes) in 0.03 s
[112893:trd-entropy-decoder]: [15:05:59][INFO] TRD_CTF: 15 blocks, input size: 4514724, output size: 2070208 NDictWords: 27569 NDataWords: 489466 NLiteralWords: 125
[112894:qc-task-TRD-TrdTrySkelton]: 2026-03-06 15:05:59.963720  !  [1;33mWarning - last globalKey=1378922 tracklets=1[0m
[112893:trd-entropy-decoder]: [15:05:59][INFO] Decoded 410376 TRD tracklets and 0 digits in 42 triggers, (raw input:3284016/input to encode:4514724/ctf size:2068640 bytes) in 0.02 s
[112893:trd-entropy-decoder]: [15:05:59][INFO] TRD_CTF: 15 blocks, input size: 3209515, output size: 1502016 NDictWords: 26111 NDataWords: 348895 NLiteralWords: 105
[112893:trd-entropy-decoder]: [15:05:59][INFO] Decoded 291727 TRD tracklets and 0 digits in 37 triggers, (raw input:2334704/input to encode:3209515/ctf size:1500444 bytes) in 0.02 s
[112893:trd-entropy-decoder]: [15:05:59][INFO] TRD_CTF: 15 blocks, input size: 4759506, output size: 2194272 NDictWords: 29921 NDataWords: 518146 NLiteralWords: 110
[112894:qc-task-TRD-TrdTrySkelton]: 2026-03-06 15:05:59.994087  !  [1;33mWarning - last globalKey=1378922 tracklets=1[0m
[112894:qc-task-TRD-TrdTrySkelton]: 2026-03-06 15:06:00.012349  !  [1;33mWarning - last globalKey=1378859 tracklets=1[0m
[112893:trd-entropy-decoder]: [15:06:00][INFO] Decoded 432634 TRD tracklets and 0 digits in 38 triggers, (raw input:3461984/input to encode:4759506/ctf size:2192708 bytes) in 0.03 s
[112893:trd-entropy-decoder]: [15:06:00][INFO] TRD Entropy Decoding total timing: Cpu: 4.390e+00 Real: 4.465e+00 s in 62 slots
[112893:trd-entropy-decoder]: [15:06:00][INFO] Sending end-of-stream message to channel from_trd-entropy-decoder_to_qc-task-TRD-TrdTrySkelton
[112893:trd-entropy-decoder]: [15:06:00][INFO] Sending end-of-stream message to channel from_trd-entropy-decoder_to_internal-dpl-injected-dummy-sink
[112894:qc-task-TRD-TrdTrySkelton]: 2026-03-06 15:06:00.042748  !  [1;33mWarning - last globalKey=1326443 tracklets=1[0m
[112894:qc-task-TRD-TrdTrySkelton]: 2026-03-06 15:06:00.042910     Finish cycle 1
[112894:qc-task-TRD-TrdTrySkelton]: 2026-03-06 15:06:00.042928     Publishing 10 MonitorObjects
[112894:qc-task-TRD-TrdTrySkelton]: 2026-03-06 15:06:00.044840     Save data to file PbPb_Check_TrdTrySkeltonOutput.root
[112894:qc-task-TRD-TrdTrySkelton]: [qc] qc_data_received messages_in_cycle=0 messages_per_second=0.000000 data_in_cycle=0 data_per_second=0.000000 1772789754360 subsystem=QC,TaskName=TrdTrySkelton,DetectorName=TRD
[112894:qc-task-TRD-TrdTrySkelton]: [qc] qc_duration module_cycle=27.819311 publication=0.051686 activity_whole_run=27.819553 1772789754360 subsystem=QC,TaskName=TrdTrySkelton,DetectorName=TRD
[112894:qc-task-TRD-TrdTrySkelton]: [qc] qc_objects_published in_cycle=10 per_second=0.358796 whole_run=10 per_second_whole_run=0.359459 1772789754360 subsystem=QC,TaskName=TrdTrySkelton,DetectorName=TRD
[112894:qc-task-TRD-TrdTrySkelton]: [qc] qc_data_received messages_in_cycle=62 messages_per_second=10.868750 data_in_cycle=172671152 data_per_second=30269672.014825 1772789760062 subsystem=QC,TaskName=TrdTrySkelton,DetectorName=TRD
[112894:qc-task-TRD-TrdTrySkelton]: [qc] qc_duration module_cycle=5.702527 publication=0.001900 activity_whole_run=33.522187 1772789760063 subsystem=QC,TaskName=TrdTrySkelton,DetectorName=TRD
[112894:qc-task-TRD-TrdTrySkelton]: [qc] qc_objects_published in_cycle=10 per_second=1.753024 whole_run=20 per_second_whole_run=0.596620 1772789760063 subsystem=QC,TaskName=TrdTrySkelton,DetectorName=TRD
[112894:qc-task-TRD-TrdTrySkelton]: [15:06:00][INFO] Sending end-of-stream message to channel from_qc-task-TRD-TrdTrySkelton_to_qc-check-TRD-TrackletsTFCheck
[112895:qc-check-TRD-TrackletsTFCheck]: 2026-03-06 15:06:00.685821     Storing MonitorObject qc/TRD/MO/TrdTrySkelton/nTrackletsEVENT
[112895:qc-check-TRD-TrackletsTFCheck]: 2026-03-06 15:06:01.347836     Storing MonitorObject qc/TRD/MO/TrdTrySkelton/Q0
[112895:qc-check-TRD-TrackletsTFCheck]: 2026-03-06 15:06:02.058673     Storing MonitorObject qc/TRD/MO/TrdTrySkelton/Q1
[112895:qc-check-TRD-TrackletsTFCheck]: 2026-03-06 15:06:03.024176     Storing MonitorObject qc/TRD/MO/TrdTrySkelton/Q2
[112895:qc-check-TRD-TrackletsTFCheck]: 2026-03-06 15:06:03.965259     Storing MonitorObject qc/TRD/MO/TrdTrySkelton/Chamber
[112895:qc-check-TRD-TrackletsTFCheck]: 2026-03-06 15:06:04.867010     Storing MonitorObject qc/TRD/MO/TrdTrySkelton/PadRow
[112895:qc-check-TRD-TrackletsTFCheck]: 2026-03-06 15:06:05.773380     Storing MonitorObject qc/TRD/MO/TrdTrySkelton/MCM
[112895:qc-check-TRD-TrackletsTFCheck]: 2026-03-06 15:06:06.699162     Monitor Objects for the check 'TrackletsTFCheck' are ready --> check()
[112895:qc-check-TRD-TrackletsTFCheck]: 2026-03-06 15:06:06.699214     nTrackletsTF mean=347992.90322580643
[112895:qc-check-TRD-TrackletsTFCheck]: 2026-03-06 15:06:06.699226     nTrackletsEVENT mean=3222.3918539325841
[112895:qc-check-TRD-TrackletsTFCheck]: 2026-03-06 15:06:06.699234     Q0 mean mean=35.30705576124096
[112895:qc-check-TRD-TrackletsTFCheck]: 2026-03-06 15:06:06.699242     Q1 mean mean=43.376470367397182
[112895:qc-check-TRD-TrackletsTFCheck]: 2026-03-06 15:06:06.699249     Q2 mean mean=30.424483767744615
[112895:qc-check-TRD-TrackletsTFCheck]: 2026-03-06 15:06:06.699262     Chamber empty fraction=0.28096118299445472
[112895:qc-check-TRD-TrackletsTFCheck]: 2026-03-06 15:06:06.699270     PadRow empty fraction=0.058823529411764705
[112895:qc-check-TRD-TrackletsTFCheck]: 2026-03-06 15:06:06.699276     MCMTrackletPerMCM mean=1.2349093133613089
[112895:qc-check-TRD-TrackletsTFCheck]: 2026-03-06 15:06:06.699337     Storing quality object qc/TRD/QO/TrackletsTFCheck (TrackletsTFCheck)
[112895:qc-check-TRD-TrackletsTFCheck]: 2026-03-06 15:06:07.613730     Storing MonitorObject qc/TRD/MO/TrdTrySkelton/PadRowVsDet
[112895:qc-check-TRD-TrackletsTFCheck]: 2026-03-06 15:06:08.525814     Storing MonitorObject qc/TRD/MO/TrdTrySkelton/MCMTrackletPerMCM
[112895:qc-check-TRD-TrackletsTFCheck]: 2026-03-06 15:06:09.452568     Storing MonitorObject qc/TRD/MO/TrdTrySkelton/nTrackletsTF
[112895:qc-check-TRD-TrackletsTFCheck]: 2026-03-06 15:06:10.427290     Storing MonitorObject qc/TRD/MO/TrdTrySkelton/nTrackletsEVENT
[112895:qc-check-TRD-TrackletsTFCheck]: 2026-03-06 15:06:11.381221     Storing MonitorObject qc/TRD/MO/TrdTrySkelton/Q0
[112895:qc-check-TRD-TrackletsTFCheck]: 2026-03-06 15:06:13.325230     Storing MonitorObject qc/TRD/MO/TrdTrySkelton/Q1
[112895:qc-check-TRD-TrackletsTFCheck]: 2026-03-06 15:06:14.254281     Storing MonitorObject qc/TRD/MO/TrdTrySkelton/Q2
[112895:qc-check-TRD-TrackletsTFCheck]: 2026-03-06 15:06:15.153293     Storing MonitorObject qc/TRD/MO/TrdTrySkelton/Chamber
[112895:qc-check-TRD-TrackletsTFCheck]: 2026-03-06 15:06:16.213239     Storing MonitorObject qc/TRD/MO/TrdTrySkelton/PadRow
[112895:qc-check-TRD-TrackletsTFCheck]: 2026-03-06 15:06:16.871801     Storing MonitorObject qc/TRD/MO/TrdTrySkelton/MCM
[112895:qc-check-TRD-TrackletsTFCheck]: [qc] qc_checkrunner_objects_received,0 10 1772789766685 subsystem=QC,CheckRunnerName=qc-check-TRD-TrackletsTFCheck
[112895:qc-check-TRD-TrackletsTFCheck]: [qc] qc_checkrunner_checks_executed,0 1 1772789766685 subsystem=QC,CheckRunnerName=qc-check-TRD-TrackletsTFCheck
[112895:qc-check-TRD-TrackletsTFCheck]: [qc] qc_checkrunner_stored mos=10 mos_per_second=0.243570 qos=1 qos_per_second=0.024357 1772789766685 subsystem=QC,CheckRunnerName=qc-check-TRD-TrackletsTFCheck
[112895:qc-check-TRD-TrackletsTFCheck]: [qc] qc_checkrunner_qo_sent,0 1 1772789766685 subsystem=QC,CheckRunnerName=qc-check-TRD-TrackletsTFCheck
[112895:qc-check-TRD-TrackletsTFCheck]: [qc] qc_checkrunner_duration,2 40.179005 1772789766685 subsystem=QC,CheckRunnerName=qc-check-TRD-TrackletsTFCheck
[112895:qc-check-TRD-TrackletsTFCheck]: [qc] qc_checkrunner_objects_received,0 20 1772789777837 subsystem=QC,CheckRunnerName=qc-check-TRD-TrackletsTFCheck
[112895:qc-check-TRD-TrackletsTFCheck]: [qc] qc_checkrunner_checks_executed,0 2 1772789777837 subsystem=QC,CheckRunnerName=qc-check-TRD-TrackletsTFCheck
[112895:qc-check-TRD-TrackletsTFCheck]: [qc] qc_checkrunner_stored mos=20 mos_per_second=0.896662 qos=2 qos_per_second=0.089666 1772789777837 subsystem=QC,CheckRunnerName=qc-check-TRD-TrackletsTFCheck
[112895:qc-check-TRD-TrackletsTFCheck]: [qc] qc_checkrunner_qo_sent,0 2 1772789777838 subsystem=QC,CheckRunnerName=qc-check-TRD-TrackletsTFCheck
[112895:qc-check-TRD-TrackletsTFCheck]: [qc] qc_checkrunner_duration,2 51.331336 1772789777838 subsystem=QC,CheckRunnerName=qc-check-TRD-TrackletsTFCheck
[112895:qc-check-TRD-TrackletsTFCheck]: [15:06:17][INFO] Sending end-of-stream message to channel from_qc-check-TRD-TrackletsTFCheck_to_internal-dpl-injected-dummy-sink
[INFO] Quitting
[INFO] Quit requested at Fri Mar  6 15:06:17 2026

[112896:internal-dpl-injected-dummy-sink]: [15:06:17][INFO] Received device shutdown request (signal 15).
[112896:internal-dpl-injected-dummy-sink]: [15:06:17][INFO] Waiting for graceful device shutdown. Hit Ctrl-C again to abort immediately.
[112896:internal-dpl-injected-dummy-sink]: [15:06:17][INFO] New state requested. No timeout set, quitting immediately as per --completion-policy
[112896:internal-dpl-injected-dummy-sink]: [15:06:17][STATE] RUNNING ---> READY
[112896:internal-dpl-injected-dummy-sink]: [15:06:17][STATE] READY ---> RESETTING TASK
[112896:internal-dpl-injected-dummy-sink]: [15:06:17][STATE] RESETTING TASK ---> DEVICE READY
[112896:internal-dpl-injected-dummy-sink]: [15:06:17][STATE] DEVICE READY ---> RESETTING DEVICE
[112896:internal-dpl-injected-dummy-sink]: [15:06:17][STATE] RESETTING DEVICE ---> IDLE
[112896:internal-dpl-injected-dummy-sink]: [15:06:17][STATE] IDLE ---> EXITING
[112896:internal-dpl-injected-dummy-sink]: [15:06:17][STATE] Exiting FairMQ state machine
[112894:qc-task-TRD-TrdTrySkelton]: [15:06:17][INFO] Received device shutdown request (signal 15).
[112894:qc-task-TRD-TrdTrySkelton]: [15:06:17][INFO] Waiting for graceful device shutdown. Hit Ctrl-C again to abort immediately.
[112894:qc-task-TRD-TrdTrySkelton]: [15:06:17][INFO] New state requested. No timeout set, quitting immediately as per --completion-policy
[112895:qc-check-TRD-TrackletsTFCheck]: [15:06:17][INFO] Received device shutdown request (signal 15).
[112895:qc-check-TRD-TrackletsTFCheck]: [15:06:17][INFO] Waiting for graceful device shutdown. Hit Ctrl-C again to abort immediately.
[112891:ctf-reader]: [15:06:17][INFO] Received device shutdown request (signal 15).
[112891:ctf-reader]: [15:06:17][INFO] Waiting for graceful device shutdown. Hit Ctrl-C again to abort immediately.
[112894:qc-task-TRD-TrdTrySkelton]: 2026-03-06 15:06:17.877281     Stopping run 0
[112895:qc-check-TRD-TrackletsTFCheck]: [15:06:17][INFO] New state requested. No timeout set, quitting immediately as per --completion-policy
[112895:qc-check-TRD-TrackletsTFCheck]: 2026-03-06 15:06:17.877613     Stopping run 0
[112891:ctf-reader]: [15:06:17][INFO] New state requested. No timeout set, quitting immediately as per --completion-policy
[112895:qc-check-TRD-TrackletsTFCheck]: [15:06:17][STATE] RUNNING ---> READY
[112891:ctf-reader]: [15:06:17][STATE] RUNNING ---> READY
[112895:qc-check-TRD-TrackletsTFCheck]: [15:06:17][STATE] READY ---> RESETTING TASK
[112895:qc-check-TRD-TrackletsTFCheck]: [15:06:17][STATE] RESETTING TASK ---> DEVICE READY
[112891:ctf-reader]: [15:06:17][STATE] READY ---> RESETTING TASK
[112895:qc-check-TRD-TrackletsTFCheck]: [15:06:17][STATE] DEVICE READY ---> RESETTING DEVICE
[112894:qc-task-TRD-TrdTrySkelton]: [qc] qc_objects_published,2 0.389586 1772789777877 subsystem=QC,TaskName=TrdTrySkelton,DetectorName=TRD
[112894:qc-task-TRD-TrdTrySkelton]: [15:06:17][STATE] RUNNING ---> READY
[112891:ctf-reader]: [15:06:17][STATE] RESETTING TASK ---> DEVICE READY
[112891:ctf-reader]: [15:06:17][STATE] DEVICE READY ---> RESETTING DEVICE
[112894:qc-task-TRD-TrdTrySkelton]: [15:06:17][STATE] READY ---> RESETTING TASK
[112894:qc-task-TRD-TrdTrySkelton]: [15:06:17][STATE] RESETTING TASK ---> DEVICE READY
[112894:qc-task-TRD-TrdTrySkelton]: [15:06:17][STATE] DEVICE READY ---> RESETTING DEVICE
[112895:qc-check-TRD-TrackletsTFCheck]: [15:06:17][STATE] RESETTING DEVICE ---> IDLE
[112895:qc-check-TRD-TrackletsTFCheck]: [15:06:17][STATE] IDLE ---> EXITING
[112895:qc-check-TRD-TrackletsTFCheck]: [15:06:17][STATE] Exiting FairMQ state machine
[112894:qc-task-TRD-TrdTrySkelton]: [15:06:17][STATE] RESETTING DEVICE ---> IDLE
[112894:qc-task-TRD-TrdTrySkelton]: [15:06:17][STATE] IDLE ---> EXITING
[112894:qc-task-TRD-TrdTrySkelton]: [15:06:17][STATE] Exiting FairMQ state machine
[112891:ctf-reader]: [15:06:17][STATE] RESETTING DEVICE ---> IDLE
[112891:ctf-reader]: [15:06:17][STATE] IDLE ---> EXITING
[112891:ctf-reader]: [15:06:17][STATE] Exiting FairMQ state machine
[112890:internal-dpl-clock]: [15:06:17][INFO] Received device shutdown request (signal 15).
[112890:internal-dpl-clock]: [15:06:17][INFO] Waiting for graceful device shutdown. Hit Ctrl-C again to abort immediately.
[112890:internal-dpl-clock]: [15:06:17][INFO] New state requested. No timeout set, quitting immediately as per --completion-policy
[112893:trd-entropy-decoder]: [15:06:17][INFO] Received device shutdown request (signal 15).
[112893:trd-entropy-decoder]: [15:06:17][INFO] Waiting for graceful device shutdown. Hit Ctrl-C again to abort immediately.
[112893:trd-entropy-decoder]: [15:06:17][INFO] New state requested. No timeout set, quitting immediately as per --completion-policy
[112893:trd-entropy-decoder]: [15:06:17][STATE] RUNNING ---> READY
[112893:trd-entropy-decoder]: [15:06:17][STATE] READY ---> RESETTING TASK
[112893:trd-entropy-decoder]: [15:06:17][STATE] RESETTING TASK ---> DEVICE READY
[112893:trd-entropy-decoder]: [15:06:17][STATE] DEVICE READY ---> RESETTING DEVICE
[112893:trd-entropy-decoder]: [15:06:17][STATE] RESETTING DEVICE ---> IDLE
[112893:trd-entropy-decoder]: [15:06:17][STATE] IDLE ---> EXITING
[112893:trd-entropy-decoder]: [15:06:17][STATE] Exiting FairMQ state machine
[112892:internal-dpl-ccdb-backend]: [15:06:17][INFO] Received device shutdown request (signal 15).
[112892:internal-dpl-ccdb-backend]: [15:06:17][INFO] Waiting for graceful device shutdown. Hit Ctrl-C again to abort immediately.
[112892:internal-dpl-ccdb-backend]: [15:06:17][INFO] New state requested. No timeout set, quitting immediately as per --completion-policy
[112892:internal-dpl-ccdb-backend]: [15:06:17][INFO] CCDB cache miss/hit ratio:
[112892:internal-dpl-ccdb-backend]: [15:06:17][INFO]   TRD/Calib/CTFDictionaryTree: 1/61 (2097152-2097152 bytes)
[112892:internal-dpl-ccdb-backend]: [15:06:17][INFO]   CTP/Config/TriggerOffsets: 1/61 (2048-2048 bytes)
[112892:internal-dpl-ccdb-backend]: [15:06:17][INFO]   CTP/Calib/OrbitReset: 1/62 (563-563 bytes)
[112892:internal-dpl-ccdb-backend]: [15:06:17][STATE] RUNNING ---> READY
[112892:internal-dpl-ccdb-backend]: [15:06:17][STATE] READY ---> RESETTING TASK
[112892:internal-dpl-ccdb-backend]: [15:06:17][STATE] RESETTING TASK ---> DEVICE READY
[112892:internal-dpl-ccdb-backend]: [15:06:17][STATE] DEVICE READY ---> RESETTING DEVICE
[112892:internal-dpl-ccdb-backend]: [15:06:17][STATE] RESETTING DEVICE ---> IDLE
[112892:internal-dpl-ccdb-backend]: [15:06:17][STATE] IDLE ---> EXITING
[112892:internal-dpl-ccdb-backend]: [15:06:17][STATE] Exiting FairMQ state machine
[112890:internal-dpl-clock]: [15:06:17][INFO] Sending end-of-stream message to channel from_internal-dpl-clock_to_ctf-reader
[112890:internal-dpl-clock]: [15:06:18][INFO] Sending end-of-stream message to channel from_internal-dpl-clock_to_qc-task-TRD-TrdTrySkelton
[112890:internal-dpl-clock]: [15:06:18][STATE] RUNNING ---> READY
[112890:internal-dpl-clock]: [15:06:18][STATE] READY ---> RESETTING TASK
[112890:internal-dpl-clock]: [15:06:18][STATE] RESETTING TASK ---> DEVICE READY
[112890:internal-dpl-clock]: [15:06:18][STATE] DEVICE READY ---> RESETTING DEVICE
[112890:internal-dpl-clock]: [15:06:18][INFO] Cleaning up for shared memory id '51892787'...
[112890:internal-dpl-clock]: [15:06:18][INFO] Found 0 unmanaged regions...
[112890:internal-dpl-clock]: [15:06:18][INFO] Found 1 managed segments...
[112890:internal-dpl-clock]: [15:06:18][INFO] Successfully removed 'fmq_51892787_m_0'.
[112890:internal-dpl-clock]: [15:06:18][INFO] Successfully removed 'fmq_51892787_mng'.
[112890:internal-dpl-clock]: [15:06:18][STATE] RESETTING DEVICE ---> IDLE
[112890:internal-dpl-clock]: [15:06:18][STATE] IDLE ---> EXITING
[112890:internal-dpl-clock]: [15:06:18][STATE] Exiting FairMQ state machine
[INFO] ## Processes completed. Run summary:
[INFO] ### Devices started: 7
[INFO]  - Device internal-dpl-clock: pid 112890 (exit 0)
[INFO]  - Device ctf-reader: pid 112891 (exit 0)
[INFO]  - Device internal-dpl-ccdb-backend: pid 112892 (exit 0)
[INFO]  - Device trd-entropy-decoder: pid 112893 (exit 0)
[INFO]  - Device qc-task-TRD-TrdTrySkelton: pid 112894 (exit 0)
[INFO]  - Device qc-check-TRD-TrackletsTFCheck: pid 112895 (exit 0)
[INFO]  - Device internal-dpl-injected-dummy-sink: pid 112896 (exit 0)
[INFO] Dumping used configuration in dpl-config.json
